info: ::1 - - [31/Dec/2023:04:33:44 +0000] "POST /api/v1/users/upload HTTP/1.1" 500 79 "-" "PostmanRuntime/7.36.0"

info: ::1 - - [31/Dec/2023:04:34:53 +0000] "POST /api/v1/users/upload HTTP/1.1" 500 79 "-" "PostmanRuntime/7.36.0"

info: ::1 - - [31/Dec/2023:04:35:42 +0000] "POST /api/v1/users/upload HTTP/1.1" 500 79 "-" "PostmanRuntime/7.36.0"

info: ::1 - - [31/Dec/2023:04:37:57 +0000] "POST /api/v1/users/upload HTTP/1.1" 500 79 "-" "PostmanRuntime/7.36.0"

info: ::1 - - [31/Dec/2023:04:38:56 +0000] "POST /api/v1/users/upload HTTP/1.1" 500 79 "-" "PostmanRuntime/7.36.0"

info: ::1 - - [31/Dec/2023:04:43:28 +0000] "POST /api/v1/users/upload HTTP/1.1" 500 79 "-" "PostmanRuntime/7.36.0"

info: ::1 - - [31/Dec/2023:04:46:35 +0000] "POST /api/v1/users/upload HTTP/1.1" 500 51 "-" "PostmanRuntime/7.36.0"

info: ::1 - - [31/Dec/2023:04:48:36 +0000] "POST /api/v1/users/upload HTTP/1.1" 500 51 "-" "PostmanRuntime/7.36.0"

info: ::1 - - [31/Dec/2023:04:49:19 +0000] "POST /api/v1/users/upload HTTP/1.1" 500 51 "-" "PostmanRuntime/7.36.0"

info: ::1 - - [31/Dec/2023:04:51:39 +0000] "POST /api/v1/users/upload HTTP/1.1" 500 51 "-" "PostmanRuntime/7.36.0"

info: ::1 - - [31/Dec/2023:04:52:10 +0000] "POST /api/v1/users/upload HTTP/1.1" 500 51 "-" "PostmanRuntime/7.36.0"

info: ::1 - - [31/Dec/2023:05:04:32 +0000] "POST /api/v1/users/upload HTTP/1.1" 500 51 "-" "PostmanRuntime/7.36.0"

info: ::1 - - [31/Dec/2023:05:05:25 +0000] "POST /api/v1/users/upload HTTP/1.1" 500 51 "-" "PostmanRuntime/7.36.0"

info: ::1 - - [31/Dec/2023:05:06:30 +0000] "GET /api/v1/ HTTP/1.1" 304 - "-" "Mozilla/5.0 (Windows NT 10.0; Win64; x64) AppleWebKit/537.36 (KHTML, like Gecko) Chrome/120.0.0.0 Safari/537.36"

info: ::1 - - [31/Dec/2023:05:06:30 +0000] "GET /favicon.ico HTTP/1.1" 404 47 "-" "Mozilla/5.0 (Windows NT 10.0; Win64; x64) AppleWebKit/537.36 (KHTML, like Gecko) Chrome/120.0.0.0 Safari/537.36"

info: ::1 - - [31/Dec/2023:05:06:48 +0000] "GET /api/v1/users/upload HTTP/1.1" 400 56 "-" "Mozilla/5.0 (Windows NT 10.0; Win64; x64) AppleWebKit/537.36 (KHTML, like Gecko) Chrome/120.0.0.0 Safari/537.36"

info: ::1 - - [31/Dec/2023:05:07:08 +0000] "POST /api/v1/users/login HTTP/1.1" 200 245 "-" "PostmanRuntime/7.36.0"

info: ::1 - - [31/Dec/2023:05:08:41 +0000] "POST /api/v1/users/upload HTTP/1.1" 500 51 "-" "PostmanRuntime/7.36.0"

info: ::1 - - [31/Dec/2023:05:12:10 +0000] "POST /api/v1/users/upload HTTP/1.1" 500 51 "-" "PostmanRuntime/7.36.0"

info: ::1 - - [31/Dec/2023:05:14:10 +0000] "POST /api/v1/users/upload HTTP/1.1" 500 51 "-" "PostmanRuntime/7.36.0"

info: ::1 - - [31/Dec/2023:05:16:06 +0000] "POST /api/v1/users/upload HTTP/1.1" 500 51 "-" "PostmanRuntime/7.36.0"

info: ::1 - - [31/Dec/2023:05:31:18 +0000] "POST /api/v1/users/upload HTTP/1.1" 500 51 "-" "PostmanRuntime/7.36.0"

info: ::1 - - [31/Dec/2023:05:32:02 +0000] "POST /api/v1/users/upload HTTP/1.1" 500 51 "-" "PostmanRuntime/7.36.0"

info: ::1 - - [31/Dec/2023:05:33:06 +0000] "POST /api/v1/users/upload HTTP/1.1" 500 51 "-" "PostmanRuntime/7.36.0"

info: ::1 - - [31/Dec/2023:05:34:41 +0000] "POST /api/v1/users/upload HTTP/1.1" 500 51 "-" "PostmanRuntime/7.36.0"

info: ::1 - - [31/Dec/2023:05:36:25 +0000] "POST /api/v1/users/upload HTTP/1.1" 500 51 "-" "PostmanRuntime/7.36.0"

info: ::1 - - [31/Dec/2023:09:19:27 +0000] "POST /api/v1/users/upload HTTP/1.1" 500 51 "-" "PostmanRuntime/7.36.0"

info: ::1 - - [31/Dec/2023:09:20:03 +0000] "POST /api/v1/users/upload HTTP/1.1" 500 22 "-" "PostmanRuntime/7.36.0"

info: ::1 - - [31/Dec/2023:09:21:58 +0000] "POST /api/v1/users/upload HTTP/1.1" 500 51 "-" "PostmanRuntime/7.36.0"

info: ::1 - - [31/Dec/2023:09:23:27 +0000] "POST /api/v1/users/upload HTTP/1.1" 500 22 "-" "PostmanRuntime/7.36.0"

info: ::1 - - [31/Dec/2023:09:25:49 +0000] "POST /api/v1/users/upload HTTP/1.1" 500 22 "-" "PostmanRuntime/7.36.0"

info: ::1 - - [31/Dec/2023:09:26:50 +0000] "POST /api/v1/users/upload HTTP/1.1" 500 22 "-" "PostmanRuntime/7.36.0"

info: ::1 - - [31/Dec/2023:09:27:24 +0000] "POST /api/v1/users/upload HTTP/1.1" 500 51 "-" "PostmanRuntime/7.36.0"

info: ::1 - - [31/Dec/2023:09:27:44 +0000] "POST /api/v1/users/upload HTTP/1.1" 500 51 "-" "PostmanRuntime/7.36.0"

info: ::1 - - [31/Dec/2023:09:28:14 +0000] "POST /api/v1/users/upload HTTP/1.1" 500 22 "-" "PostmanRuntime/7.36.0"

info: ::1 - - [31/Dec/2023:09:33:57 +0000] "POST /api/v1/users/new HTTP/1.1" 500 22 "-" "PostmanRuntime/7.36.0"

info: ::1 - - [31/Dec/2023:09:35:36 +0000] "POST /api/v1/users/new HTTP/1.1" 201 365 "-" "PostmanRuntime/7.36.0"

info: ::1 - - [31/Dec/2023:09:37:10 +0000] "POST /api/v1/users/upload HTTP/1.1" 500 22 "-" "PostmanRuntime/7.36.0"

info: ::1 - - [31/Dec/2023:09:37:36 +0000] "POST /api/v1/users/upload HTTP/1.1" 500 22 "-" "PostmanRuntime/7.36.0"

info: ::1 - - [31/Dec/2023:09:38:38 +0000] "POST /api/v1/users/upload HTTP/1.1" 500 22 "-" "PostmanRuntime/7.36.0"

info: ::1 - - [31/Dec/2023:09:42:11 +0000] "POST /api/v1/users/upload HTTP/1.1" 500 22 "-" "PostmanRuntime/7.36.0"

info: ::1 - - [31/Dec/2023:09:44:17 +0000] "POST /api/v1/users/upload HTTP/1.1" 500 22 "-" "PostmanRuntime/7.36.0"

info: ::1 - - [31/Dec/2023:09:46:42 +0000] "POST /api/v1/users/upload HTTP/1.1" 500 22 "-" "PostmanRuntime/7.36.0"

info: ::1 - - [31/Dec/2023:09:49:11 +0000] "POST /api/v1/users/upload HTTP/1.1" 200 215 "-" "PostmanRuntime/7.36.0"

info: ::1 - - [31/Dec/2023:09:52:17 +0000] "POST /api/v1/users/new HTTP/1.1" 500 56 "-" "PostmanRuntime/7.36.0"

info: ::1 - - [31/Dec/2023:09:58:12 +0000] "POST /api/v1/users/new HTTP/1.1" 500 56 "-" "PostmanRuntime/7.36.0"

info: ::1 - - [31/Dec/2023:09:59:34 +0000] "POST /api/v1/users/new HTTP/1.1" 500 56 "-" "PostmanRuntime/7.36.0"

info: ::1 - - [31/Dec/2023:09:59:56 +0000] "POST /api/v1/users/new HTTP/1.1" 500 56 "-" "PostmanRuntime/7.36.0"

info: ::1 - - [31/Dec/2023:10:00:40 +0000] "POST /api/v1/users/new HTTP/1.1" 201 386 "-" "PostmanRuntime/7.36.0"

info: ::1 - - [31/Dec/2023:10:03:06 +0000] "GET /api/v1/ HTTP/1.1" 200 339 "-" "Mozilla/5.0 (Windows NT 10.0; Win64; x64) AppleWebKit/537.36 (KHTML, like Gecko) Chrome/120.0.0.0 Safari/537.36"

info: ::1 - - [31/Dec/2023:10:03:06 +0000] "GET /favicon.ico HTTP/1.1" 404 47 "-" "Mozilla/5.0 (Windows NT 10.0; Win64; x64) AppleWebKit/537.36 (KHTML, like Gecko) Chrome/120.0.0.0 Safari/537.36"

info: ::1 - - [31/Dec/2023:10:03:09 +0000] "GET /api/v1/ HTTP/1.1" 304 - "-" "Mozilla/5.0 (Windows NT 10.0; Win64; x64) AppleWebKit/537.36 (KHTML, like Gecko) Chrome/120.0.0.0 Safari/537.36"

info: ::1 - - [31/Dec/2023:10:03:10 +0000] "GET /api/v1/ HTTP/1.1" 304 - "-" "Mozilla/5.0 (Windows NT 10.0; Win64; x64) AppleWebKit/537.36 (KHTML, like Gecko) Chrome/120.0.0.0 Safari/537.36"

info: ::1 - - [31/Dec/2023:10:03:18 +0000] "GET /api/v1/ HTTP/1.1" 200 339 "-" "Mozilla/5.0 (Windows NT 10.0; Win64; x64) AppleWebKit/537.36 (KHTML, like Gecko) Chrome/120.0.0.0 Safari/537.36"

info: ::1 - - [31/Dec/2023:10:03:18 +0000] "GET /favicon.ico HTTP/1.1" 404 47 "-" "Mozilla/5.0 (Windows NT 10.0; Win64; x64) AppleWebKit/537.36 (KHTML, like Gecko) Chrome/120.0.0.0 Safari/537.36"

info: ::1 - - [31/Dec/2023:10:03:36 +0000] "GET /api/v1/uploads//1704016839992.jpg HTTP/1.1" 404 47 "-" "Mozilla/5.0 (Windows NT 10.0; Win64; x64) AppleWebKit/537.36 (KHTML, like Gecko) Chrome/120.0.0.0 Safari/537.36"

info: ::1 - - [31/Dec/2023:10:04:01 +0000] "GET /api/v1/upload/uploads//1704016839992.jpg HTTP/1.1" 404 47 "-" "Mozilla/5.0 (Windows NT 10.0; Win64; x64) AppleWebKit/537.36 (KHTML, like Gecko) Chrome/120.0.0.0 Safari/537.36"

info: ::1 - - [31/Dec/2023:10:04:15 +0000] "GET /api/v1/user/uploads//1704016839992.jpg HTTP/1.1" 404 47 "-" "Mozilla/5.0 (Windows NT 10.0; Win64; x64) AppleWebKit/537.36 (KHTML, like Gecko) Chrome/120.0.0.0 Safari/537.36"

info: ::1 - - [31/Dec/2023:10:30:45 +0000] "POST /api/v1/users/upload HTTP/1.1" 200 215 "-" "PostmanRuntime/7.36.0"

