info: ::1 - - [06/Jan/2024:12:52:06 +0000] "GET /api/v1/ HTTP/1.1" 200 339 "-" "Mozilla/5.0 (Windows NT 10.0; Win64; x64) AppleWebKit/537.36 (KHTML, like Gecko) Chrome/120.0.0.0 Safari/537.36"

info: ::1 - - [06/Jan/2024:12:52:06 +0000] "GET /favicon.ico HTTP/1.1" 404 47 "-" "Mozilla/5.0 (Windows NT 10.0; Win64; x64) AppleWebKit/537.36 (KHTML, like Gecko) Chrome/120.0.0.0 Safari/537.36"

info: ::1 - - [06/Jan/2024:12:53:18 +0000] "POST /api/v1/users/user HTTP/1.1" 500 100 "-" "PostmanRuntime/7.36.0"

info: ::1 - - [06/Jan/2024:12:54:41 +0000] "POST /api/v1/users/user HTTP/1.1" 500 70 "-" "PostmanRuntime/7.36.0"

info: ::1 - - [06/Jan/2024:12:55:00 +0000] "POST /api/v1/users/user HTTP/1.1" 500 100 "-" "PostmanRuntime/7.36.0"

info: ::1 - - [06/Jan/2024:12:57:38 +0000] "POST /api/v1/users/user HTTP/1.1" 500 100 "-" "PostmanRuntime/7.36.0"

info: ::1 - - [06/Jan/2024:13:00:45 +0000] "POST /api/v1/users/user HTTP/1.1" 201 404 "-" "PostmanRuntime/7.36.0"

info: ::1 - - [06/Jan/2024:13:01:28 +0000] "GET /api/v1/users/ HTTP/1.1" 200 1353 "-" "PostmanRuntime/7.36.0"

info: ::1 - - [06/Jan/2024:13:03:14 +0000] "DELETE /api/v1/users/65913bc84e9ecba294b92172 HTTP/1.1" 200 60 "-" "PostmanRuntime/7.36.0"

info: ::1 - - [06/Jan/2024:13:03:44 +0000] "DELETE /api/v1/users/659135e8fb7c5a7df8c85138 HTTP/1.1" 200 60 "-" "PostmanRuntime/7.36.0"

info: ::1 - - [06/Jan/2024:13:04:18 +0000] "GET /api/v1/users/ HTTP/1.1" 200 716 "-" "PostmanRuntime/7.36.0"

info: ::1 - - [06/Jan/2024:13:04:40 +0000] "DELETE /api/v1/users/659048ca9c5e19b6e4250581 HTTP/1.1" 200 60 "-" "PostmanRuntime/7.36.0"

info: ::1 - - [06/Jan/2024:13:04:46 +0000] "GET /api/v1/users/ HTTP/1.1" 200 411 "-" "PostmanRuntime/7.36.0"

info: ::1 - - [06/Jan/2024:13:05:43 +0000] "POST /api/v1/users/user HTTP/1.1" 500 100 "-" "PostmanRuntime/7.36.0"

info: ::1 - - [06/Jan/2024:13:05:58 +0000] "POST /api/v1/users/user HTTP/1.1" 500 61 "-" "PostmanRuntime/7.36.0"

info: ::1 - - [06/Jan/2024:13:06:24 +0000] "POST /api/v1/users/user HTTP/1.1" 201 402 "-" "PostmanRuntime/7.36.0"

info: ::1 - - [06/Jan/2024:13:11:20 +0000] "POST /api/v1/users/admin HTTP/1.1" 201 404 "-" "PostmanRuntime/7.36.0"

info: ::1 - - [06/Jan/2024:13:12:21 +0000] "POST /api/v1/users/login HTTP/1.1" 200 247 "-" "PostmanRuntime/7.36.0"

info: ::1 - - [06/Jan/2024:13:13:07 +0000] "POST /api/v1/users/upload HTTP/1.1" 200 215 "-" "PostmanRuntime/7.36.0"

info: ::1 - - [06/Jan/2024:13:15:25 +0000] "POST /api/v1/users/upload HTTP/1.1" 200 215 "-" "PostmanRuntime/7.36.0"

info: ::1 - - [06/Jan/2024:13:19:50 +0000] "POST /api/v1/users/upload HTTP/1.1" 200 281 "-" "PostmanRuntime/7.36.0"

info: ::1 - - [06/Jan/2024:13:22:15 +0000] "POST /api/v1/users/login HTTP/1.1" 200 247 "-" "PostmanRuntime/7.36.0"

info: ::1 - - [06/Jan/2024:13:22:36 +0000] "GET /api/v1/users/getAllFiles/ HTTP/1.1" 500 144 "-" "PostmanRuntime/7.36.0"

info: ::1 - - [06/Jan/2024:13:28:33 +0000] "POST /api/v1/users/login HTTP/1.1" 200 311 "-" "PostmanRuntime/7.36.0"

info: ::1 - - [06/Jan/2024:13:29:24 +0000] "GET /api/v1/users/getAllFiles/ HTTP/1.1" 500 144 "-" "PostmanRuntime/7.36.0"

info: ::1 - - [06/Jan/2024:13:30:02 +0000] "GET /api/v1/users/ HTTP/1.1" 200 1103 "-" "PostmanRuntime/7.36.0"

info: ::1 - - [06/Jan/2024:13:31:20 +0000] "GET /api/v1/users/getAllFiles HTTP/1.1" 500 144 "-" "PostmanRuntime/7.36.0"

info: ::1 - - [06/Jan/2024:13:33:24 +0000] "GET /api/v1/users/getAllFiles HTTP/1.1" 500 144 "-" "PostmanRuntime/7.36.0"

info: ::1 - - [06/Jan/2024:13:38:30 +0000] "GET /api/v1/users/getAllFiles HTTP/1.1" 500 144 "-" "PostmanRuntime/7.36.0"

info: ::1 - - [06/Jan/2024:13:39:03 +0000] "GET /api/v1/users/getAllFiles HTTP/1.1" 500 144 "-" "PostmanRuntime/7.36.0"

info: ::1 - - [06/Jan/2024:13:39:45 +0000] "POST /api/v1/users/login HTTP/1.1" 200 311 "-" "PostmanRuntime/7.36.0"

info: ::1 - - [06/Jan/2024:13:40:21 +0000] "POST /api/v1/users/upload HTTP/1.1" 500 80 "-" "PostmanRuntime/7.36.0"

info: ::1 - - [06/Jan/2024:13:46:45 +0000] "POST /api/v1/users/upload HTTP/1.1" 500 73 "-" "PostmanRuntime/7.36.0"

info: ::1 - - [06/Jan/2024:13:47:10 +0000] "POST /api/v1/users/upload HTTP/1.1" 500 74 "-" "PostmanRuntime/7.36.0"

info: ::1 - - [06/Jan/2024:13:47:33 +0000] "POST /api/v1/users/upload HTTP/1.1" 500 74 "-" "PostmanRuntime/7.36.0"

info: ::1 - - [06/Jan/2024:13:53:49 +0000] "POST /api/v1/users/login HTTP/1.1" 200 309 "-" "PostmanRuntime/7.36.0"

info: ::1 - - [06/Jan/2024:13:54:56 +0000] "POST /api/v1/users/upload HTTP/1.1" 500 73 "-" "PostmanRuntime/7.36.0"

info: ::1 - - [06/Jan/2024:13:57:17 +0000] "POST /api/v1/users/upload HTTP/1.1" 500 73 "-" "PostmanRuntime/7.36.0"

info: ::1 - - [06/Jan/2024:14:06:38 +0000] "POST /api/v1/users/upload HTTP/1.1" 500 73 "-" "PostmanRuntime/7.36.0"

info: ::1 - - [06/Jan/2024:14:08:58 +0000] "POST /api/v1/users/upload HTTP/1.1" 500 73 "-" "PostmanRuntime/7.36.0"

info: ::1 - - [06/Jan/2024:14:10:11 +0000] "POST /api/v1/users/upload HTTP/1.1" 500 73 "-" "PostmanRuntime/7.36.0"

info: ::1 - - [06/Jan/2024:14:11:49 +0000] "POST /api/v1/users/upload HTTP/1.1" 500 73 "-" "PostmanRuntime/7.36.0"

info: ::1 - - [06/Jan/2024:14:12:46 +0000] "POST /api/v1/users/upload HTTP/1.1" 500 73 "-" "PostmanRuntime/7.36.0"

info: ::1 - - [06/Jan/2024:14:13:53 +0000] "POST /api/v1/users/upload HTTP/1.1" 500 73 "-" "PostmanRuntime/7.36.0"

info: ::1 - - [06/Jan/2024:14:20:17 +0000] "POST /api/v1/users/login HTTP/1.1" 200 309 "-" "PostmanRuntime/7.36.0"

info: ::1 - - [06/Jan/2024:14:20:38 +0000] "POST /api/v1/users/upload HTTP/1.1" 500 73 "-" "PostmanRuntime/7.36.0"

info: ::1 - - [06/Jan/2024:14:22:31 +0000] "POST /api/v1/users/upload HTTP/1.1" 500 73 "-" "PostmanRuntime/7.36.0"

info: ::1 - - [06/Jan/2024:14:27:23 +0000] "POST /api/v1/users/upload HTTP/1.1" 500 73 "-" "PostmanRuntime/7.36.0"

info: ::1 - - [06/Jan/2024:14:28:25 +0000] "POST /api/v1/users/upload HTTP/1.1" 500 73 "-" "PostmanRuntime/7.36.0"

info: ::1 - - [06/Jan/2024:14:28:45 +0000] "POST /api/v1/users/upload HTTP/1.1" 500 73 "-" "PostmanRuntime/7.36.0"

info: ::1 - - [06/Jan/2024:14:30:02 +0000] "POST /api/v1/users/upload HTTP/1.1" 500 73 "-" "PostmanRuntime/7.36.0"

info: ::1 - - [06/Jan/2024:14:31:56 +0000] "POST /api/v1/users/upload HTTP/1.1" 500 73 "-" "PostmanRuntime/7.36.0"

info: ::1 - - [06/Jan/2024:14:35:55 +0000] "POST /api/v1/users/upload HTTP/1.1" 500 73 "-" "PostmanRuntime/7.36.0"

info: ::1 - - [06/Jan/2024:14:36:12 +0000] "POST /api/v1/users/login HTTP/1.1" 200 309 "-" "PostmanRuntime/7.36.0"

info: ::1 - - [06/Jan/2024:14:36:33 +0000] "POST /api/v1/users/upload HTTP/1.1" 500 73 "-" "PostmanRuntime/7.36.0"

info: ::1 - - [06/Jan/2024:14:37:34 +0000] "POST /api/v1/users/upload HTTP/1.1" 200 313 "-" "PostmanRuntime/7.36.0"

info: ::1 - - [06/Jan/2024:14:38:54 +0000] "POST /api/v1/users/upload HTTP/1.1" 200 317 "-" "PostmanRuntime/7.36.0"

info: ::1 - - [06/Jan/2024:14:39:21 +0000] "GET /api/v1/users/getAllFiles HTTP/1.1" 500 144 "-" "PostmanRuntime/7.36.0"

info: ::1 - - [06/Jan/2024:14:40:06 +0000] "GET /api/v1/users/getAllFiles HTTP/1.1" 500 144 "-" "PostmanRuntime/7.36.0"

info: ::1 - - [06/Jan/2024:14:41:25 +0000] "GET /api/v1/users/getAllFiles/65995178c705bd558891b2bf HTTP/1.1" 404 47 "-" "PostmanRuntime/7.36.0"

info: ::1 - - [06/Jan/2024:14:41:34 +0000] "GET /api/v1/users/65995178c705bd558891b2bf HTTP/1.1" 200 404 "-" "PostmanRuntime/7.36.0"

info: ::1 - - [06/Jan/2024:14:44:19 +0000] "GET /api/v1/users/getAllUsers HTTP/1.1" 500 144 "-" "PostmanRuntime/7.36.0"

info: ::1 - - [06/Jan/2024:14:47:54 +0000] "GET /api/v1/users/getAllUsers HTTP/1.1" 500 144 "-" "PostmanRuntime/7.36.0"

info: ::1 - - [06/Jan/2024:14:49:52 +0000] "GET /api/v1/users/getAllFiles HTTP/1.1" 500 144 "-" "PostmanRuntime/7.36.0"

info: ::1 - - [06/Jan/2024:14:50:53 +0000] "GET /api/v1/users/getAllFiles HTTP/1.1" 500 144 "-" "PostmanRuntime/7.36.0"

info: ::1 - - [06/Jan/2024:14:51:50 +0000] "POST /api/v1/users/login HTTP/1.1" 200 309 "-" "PostmanRuntime/7.36.0"

info: ::1 - - [06/Jan/2024:14:52:23 +0000] "GET /api/v1/users/getAllFiles HTTP/1.1" 500 144 "-" "PostmanRuntime/7.36.0"

info: ::1 - - [06/Jan/2024:14:53:44 +0000] "GET /api/v1/users/getAllFiles HTTP/1.1" 500 144 "-" "PostmanRuntime/7.36.0"

info: ::1 - - [06/Jan/2024:14:54:12 +0000] "GET /api/v1/users/getAllFiles/ HTTP/1.1" 500 144 "-" "PostmanRuntime/7.36.0"

info: ::1 - - [06/Jan/2024:14:55:36 +0000] "GET /api/v1/users/getAllFiles/ HTTP/1.1" 500 144 "-" "PostmanRuntime/7.36.0"

info: ::1 - - [06/Jan/2024:14:58:18 +0000] "GET /api/v1/users/getAllFiles/ HTTP/1.1" 500 144 "-" "PostmanRuntime/7.36.0"

info: ::1 - - [06/Jan/2024:14:59:40 +0000] "GET /api/v1/users/get HTTP/1.1" 500 136 "-" "PostmanRuntime/7.36.0"

info: ::1 - - [06/Jan/2024:15:00:40 +0000] "GET /api/v1/users/get HTTP/1.1" 500 136 "-" "PostmanRuntime/7.36.0"

info: ::1 - - [06/Jan/2024:15:01:34 +0000] "GET /api/v1/users/get HTTP/1.1" 500 136 "-" "PostmanRuntime/7.36.0"

info: ::1 - - [06/Jan/2024:15:03:05 +0000] "GET /api/v1/users/get HTTP/1.1" 500 136 "-" "PostmanRuntime/7.36.0"

info: ::1 - - [06/Jan/2024:15:04:56 +0000] "GET /api/v1/users/get HTTP/1.1" 500 136 "-" "PostmanRuntime/7.36.0"

info: ::1 - - [06/Jan/2024:15:06:28 +0000] "POST /api/v1/users/file/upload HTTP/1.1" 200 315 "-" "PostmanRuntime/7.36.0"

info: ::1 - - [06/Jan/2024:15:07:09 +0000] "GET /api/v1/users/file HTTP/1.1" 500 137 "-" "PostmanRuntime/7.36.0"

info: ::1 - - [06/Jan/2024:15:07:27 +0000] "GET /api/v1/users/ HTTP/1.1" 200 1103 "-" "PostmanRuntime/7.36.0"

info: ::1 - - [06/Jan/2024:15:07:50 +0000] "GET /api/v1/users/file/ HTTP/1.1" 500 137 "-" "PostmanRuntime/7.36.0"

info: ::1 - - [06/Jan/2024:15:13:26 +0000] "GET /api/v1/users/file HTTP/1.1" 500 137 "-" "PostmanRuntime/7.36.0"

info: ::1 - - [06/Jan/2024:15:18:43 +0000] "GET /api/v1/users/file HTTP/1.1" 500 137 "-" "PostmanRuntime/7.36.0"

info: ::1 - - [06/Jan/2024:15:21:03 +0000] "GET /api/v1/users/65995178c705bd558891b2bf HTTP/1.1" 200 404 "-" "PostmanRuntime/7.36.0"

info: ::1 - - [06/Jan/2024:15:22:08 +0000] "GET /api/v1/users/file/65995178c705bd558891b2bf HTTP/1.1" 404 47 "-" "PostmanRuntime/7.36.0"

info: ::1 - - [06/Jan/2024:15:22:40 +0000] "GET /api/v1/users/file/65996c730c2b99e0342150f5 HTTP/1.1" 404 47 "-" "PostmanRuntime/7.36.0"

info: ::1 - - [06/Jan/2024:15:25:01 +0000] "GET /api/v1/users/file HTTP/1.1" 500 137 "-" "PostmanRuntime/7.36.0"

info: ::1 - - [06/Jan/2024:15:27:50 +0000] "GET /api/v1/users/file HTTP/1.1" 500 137 "-" "PostmanRuntime/7.36.0"

info: ::1 - - [06/Jan/2024:15:29:51 +0000] "GET /api/v1/users/file HTTP/1.1" 500 137 "-" "PostmanRuntime/7.36.0"

info: ::1 - - [06/Jan/2024:15:30:13 +0000] "POST /api/v1/users/file/upload HTTP/1.1" 500 73 "-" "PostmanRuntime/7.36.0"

info: ::1 - - [06/Jan/2024:15:31:25 +0000] "POST /api/v1/users/file/upload HTTP/1.1" 500 75 "-" "PostmanRuntime/7.36.0"

info: ::1 - - [06/Jan/2024:15:47:21 +0000] "POST /api/v1/users/login HTTP/1.1" 200 309 "-" "PostmanRuntime/7.36.0"

info: ::1 - - [06/Jan/2024:15:48:09 +0000] "POST /api/v1/users/file/upload HTTP/1.1" 200 331 "-" "PostmanRuntime/7.36.0"

info: ::1 - - [06/Jan/2024:15:49:08 +0000] "GET /api/v1/users/file HTTP/1.1" 500 137 "-" "PostmanRuntime/7.36.0"

info: ::1 - - [06/Jan/2024:15:49:48 +0000] "GET /api/v1/users/file HTTP/1.1" 500 137 "-" "PostmanRuntime/7.36.0"

info: ::1 - - [06/Jan/2024:15:50:41 +0000] "GET /api/v1/users/file HTTP/1.1" 500 137 "-" "PostmanRuntime/7.36.0"

info: ::1 - - [06/Jan/2024:15:54:37 +0000] "GET /api/v1/users/file HTTP/1.1" 500 137 "-" "PostmanRuntime/7.36.0"

info: ::1 - - [06/Jan/2024:15:55:10 +0000] "GET /api/v1/users/file HTTP/1.1" 200 915 "-" "PostmanRuntime/7.36.0"

info: ::1 - - [06/Jan/2024:15:59:18 +0000] "GET /api/v1/users/file HTTP/1.1" 500 137 "-" "PostmanRuntime/7.36.0"

info: ::1 - - [06/Jan/2024:15:59:58 +0000] "GET /api/v1/users/file HTTP/1.1" 200 915 "-" "PostmanRuntime/7.36.0"

info: ::1 - - [06/Jan/2024:16:00:42 +0000] "GET /api/v1/users/file HTTP/1.1" 500 137 "-" "PostmanRuntime/7.36.0"

info: ::1 - - [06/Jan/2024:16:01:05 +0000] "GET /api/v1/users/file HTTP/1.1" 200 915 "-" "PostmanRuntime/7.36.0"

info: ::1 - - [06/Jan/2024:16:04:30 +0000] "DELETE /api/v1/users/file/65913916a184229dd4f06389 HTTP/1.1" 404 47 "-" "PostmanRuntime/7.36.0"

info: ::1 - - [06/Jan/2024:16:05:48 +0000] "DELETE /api/v1/users/file/65913916a184229dd4f06389 HTTP/1.1" 404 47 "-" "PostmanRuntime/7.36.0"

info: ::1 - - [06/Jan/2024:16:06:34 +0000] "DELETE /api/v1/users/file/65913916a184229dd4f06389 HTTP/1.1" 200 60 "-" "PostmanRuntime/7.36.0"

info: ::1 - - [06/Jan/2024:16:08:07 +0000] "DELETE /api/v1/users/file/659142d47d309e2d40128334 HTTP/1.1" 200 60 "-" "PostmanRuntime/7.36.0"

info: ::1 - - [06/Jan/2024:16:08:25 +0000] "DELETE /api/v1/users/file/659951e2c705bd558891b2c2 HTTP/1.1" 200 60 "-" "PostmanRuntime/7.36.0"

info: ::1 - - [06/Jan/2024:16:08:44 +0000] "DELETE /api/v1/users/file/6599526cab8ded3ee8fc2015 HTTP/1.1" 200 60 "-" "PostmanRuntime/7.36.0"

info: ::1 - - [06/Jan/2024:16:08:49 +0000] "GET /api/v1/users/file HTTP/1.1" 200 287 "-" "PostmanRuntime/7.36.0"

info: ::1 - - [06/Jan/2024:16:09:14 +0000] "POST /api/v1/users/file/upload HTTP/1.1" 200 313 "-" "PostmanRuntime/7.36.0"

info: ::1 - - [06/Jan/2024:16:09:22 +0000] "GET /api/v1/users/file HTTP/1.1" 200 287 "-" "PostmanRuntime/7.36.0"

info: ::1 - - [06/Jan/2024:16:10:35 +0000] "GET /api/v1/users/file HTTP/1.1" 200 287 "-" "PostmanRuntime/7.36.0"

info: ::1 - - [06/Jan/2024:16:12:10 +0000] "GET /api/v1/users/file HTTP/1.1" 200 287 "-" "PostmanRuntime/7.36.0"

info: ::1 - - [06/Jan/2024:16:13:04 +0000] "GET /api/v1/users/file HTTP/1.1" 200 287 "-" "PostmanRuntime/7.36.0"

info: ::1 - - [06/Jan/2024:16:13:43 +0000] "POST /api/v1/users/file/upload HTTP/1.1" 200 317 "-" "PostmanRuntime/7.36.0"

info: ::1 - - [06/Jan/2024:16:13:56 +0000] "GET /api/v1/users/file HTTP/1.1" 200 287 "-" "PostmanRuntime/7.36.0"

info: ::1 - - [06/Jan/2024:16:16:58 +0000] "GET /api/v1/users/file HTTP/1.1" 200 2438 "-" "PostmanRuntime/7.36.0"

info: ::1 - - [06/Jan/2024:16:18:34 +0000] "GET /api/v1/users/file HTTP/1.1" 200 2438 "-" "PostmanRuntime/7.36.0"

info: ::1 - - [06/Jan/2024:16:20:18 +0000] "POST /api/v1/users/login HTTP/1.1" 200 309 "-" "PostmanRuntime/7.36.0"

info: ::1 - - [06/Jan/2024:16:20:50 +0000] "POST /api/v1/users/file/upload HTTP/1.1" 200 313 "-" "PostmanRuntime/7.36.0"

info: ::1 - - [06/Jan/2024:16:21:31 +0000] "GET /api/v1/users/file HTTP/1.1" 200 319 "-" "PostmanRuntime/7.36.0"

info: ::1 - - [06/Jan/2024:16:23:13 +0000] "POST /api/v1/users/file/upload HTTP/1.1" 200 331 "-" "PostmanRuntime/7.36.0"

info: ::1 - - [06/Jan/2024:16:23:24 +0000] "GET /api/v1/users/file HTTP/1.1" 200 1136 "-" "PostmanRuntime/7.36.0"

