info: ::1 - - [06/Jan/2024:22:48:15 +0000] "POST /api/v1/users/user HTTP/1.1" 500 100 "-" "PostmanRuntime/7.36.0"

info: ::1 - - [06/Jan/2024:22:49:35 +0000] "POST /api/v1/users/user HTTP/1.1" 500 100 "-" "PostmanRuntime/7.36.0"

info: ::1 - - [06/Jan/2024:22:50:38 +0000] "POST /api/v1/users/user HTTP/1.1" 500 100 "-" "PostmanRuntime/7.36.0"

info: ::1 - - [06/Jan/2024:22:54:45 +0000] "POST /api/v1/users/user HTTP/1.1" 500 67 "-" "PostmanRuntime/7.36.0"

info: ::1 - - [06/Jan/2024:22:55:28 +0000] "POST /api/v1/users/user HTTP/1.1" 500 100 "-" "PostmanRuntime/7.36.0"

info: ::1 - - [06/Jan/2024:23:10:11 +0000] "POST /api/v1/users/user HTTP/1.1" 201 402 "-" "PostmanRuntime/7.36.0"

info: ::1 - - [06/Jan/2024:23:13:58 +0000] "POST /api/v1/users/admin HTTP/1.1" 201 405 "-" "PostmanRuntime/7.36.0"

info: ::1 - - [06/Jan/2024:23:14:19 +0000] "GET /api/v1/users/ HTTP/1.1" 200 1796 "-" "PostmanRuntime/7.36.0"

info: ::1 - - [06/Jan/2024:23:28:11 +0000] "GET /api/v1/users/getAllUsers HTTP/1.1" 200 1796 "-" "PostmanRuntime/7.36.0"

info: ::1 - - [06/Jan/2024:23:29:25 +0000] "GET /api/v1/users/getAllUsers HTTP/1.1" 400 56 "-" "PostmanRuntime/7.36.0"

info: ::1 - - [06/Jan/2024:23:29:40 +0000] "POST /api/v1/users/login HTTP/1.1" 200 309 "-" "PostmanRuntime/7.36.0"

info: ::1 - - [06/Jan/2024:23:30:17 +0000] "GET /api/v1/users/getAllUsers HTTP/1.1" 200 57 "-" "PostmanRuntime/7.36.0"

info: ::1 - - [06/Jan/2024:23:30:52 +0000] "POST /api/v1/users/login HTTP/1.1" 200 309 "-" "PostmanRuntime/7.36.0"

info: ::1 - - [06/Jan/2024:23:31:43 +0000] "GET /api/v1/users/getAllUsers HTTP/1.1" 200 1796 "-" "PostmanRuntime/7.36.0"

info: ::1 - - [06/Jan/2024:23:45:25 +0000] "POST /api/v1/users/user HTTP/1.1" 500 72 "-" "PostmanRuntime/7.36.0"

info: ::1 - - [06/Jan/2024:23:45:48 +0000] "POST /api/v1/users/user HTTP/1.1" 500 61 "-" "PostmanRuntime/7.36.0"

info: ::1 - - [06/Jan/2024:23:47:02 +0000] "POST /api/v1/users/user HTTP/1.1" 500 61 "-" "PostmanRuntime/7.36.0"

info: ::1 - - [06/Jan/2024:23:48:24 +0000] "POST /api/v1/users/user HTTP/1.1" 500 61 "-" "PostmanRuntime/7.36.0"

info: ::1 - - [06/Jan/2024:23:49:16 +0000] "POST /api/v1/users/user HTTP/1.1" 201 408 "-" "PostmanRuntime/7.36.0"

info: ::1 - - [06/Jan/2024:23:52:13 +0000] "POST /api/v1/users/user HTTP/1.1" 201 447 "-" "PostmanRuntime/7.36.0"

info: ::1 - - [07/Jan/2024:00:39:58 +0000] "POST /api/v1/users/file/upload HTTP/1.1" 200 318 "-" "PostmanRuntime/7.36.0"

info: ::1 - - [07/Jan/2024:00:42:04 +0000] "GET /api/v1/users/file HTTP/1.1" 200 1396 "-" "PostmanRuntime/7.36.0"

info: ::1 - - [07/Jan/2024:00:42:35 +0000] "POST /api/v1/users/file/upload HTTP/1.1" 200 318 "-" "PostmanRuntime/7.36.0"

info: ::1 - - [07/Jan/2024:00:44:14 +0000] "POST /api/v1/users/login HTTP/1.1" 200 307 "-" "PostmanRuntime/7.36.0"

info: ::1 - - [07/Jan/2024:00:44:47 +0000] "POST /api/v1/users/login HTTP/1.1" 200 308 "-" "PostmanRuntime/7.36.0"

info: ::1 - - [07/Jan/2024:00:45:10 +0000] "GET /api/v1/users/file HTTP/1.1" 200 65 "-" "PostmanRuntime/7.36.0"

info: ::1 - - [07/Jan/2024:00:46:19 +0000] "POST /api/v1/users/login HTTP/1.1" 500 53 "-" "PostmanRuntime/7.36.0"

info: ::1 - - [07/Jan/2024:00:46:42 +0000] "POST /api/v1/users/login HTTP/1.1" 200 308 "-" "PostmanRuntime/7.36.0"

info: ::1 - - [07/Jan/2024:00:47:30 +0000] "GET /api/v1/users/file HTTP/1.1" 200 1656 "-" "PostmanRuntime/7.36.0"

info: ::1 - - [07/Jan/2024:00:49:44 +0000] "DELETE /api/v1/users/65995050c705bd558891b2bd HTTP/1.1" 500 171 "-" "PostmanRuntime/7.36.0"

info: ::1 - - [07/Jan/2024:00:51:36 +0000] "DELETE /api/v1/users/65995050c705bd558891b2bd HTTP/1.1" 200 71 "-" "PostmanRuntime/7.36.0"

info: ::1 - - [07/Jan/2024:00:51:59 +0000] "GET /api/v1/users/file HTTP/1.1" 200 1656 "-" "PostmanRuntime/7.36.0"

info: ::1 - - [07/Jan/2024:00:52:41 +0000] "POST /api/v1/users/login HTTP/1.1" 500 53 "-" "PostmanRuntime/7.36.0"

info: ::1 - - [07/Jan/2024:00:52:59 +0000] "GET /api/v1/users/getAllUsers HTTP/1.1" 200 2515 "-" "PostmanRuntime/7.36.0"

info: ::1 - - [07/Jan/2024:01:02:31 +0000] "DELETE /api/v1/users/65995050c705bd558891b2bd HTTP/1.1" 200 71 "-" "PostmanRuntime/7.36.0"

info: ::1 - - [07/Jan/2024:01:02:37 +0000] "DELETE /api/v1/users/65995050c705bd558891b2bd HTTP/1.1" 200 71 "-" "PostmanRuntime/7.36.0"

info: ::1 - - [07/Jan/2024:01:02:47 +0000] "GET /api/v1/users/file HTTP/1.1" 200 67 "-" "PostmanRuntime/7.36.0"

info: ::1 - - [07/Jan/2024:01:26:31 +0000] "GET /api/v1/users/file HTTP/1.1" 500 54 "-" "PostmanRuntime/7.36.0"

info: ::1 - - [07/Jan/2024:01:27:20 +0000] "GET /api/v1/users/getAllUsers HTTP/1.1" 500 54 "-" "PostmanRuntime/7.36.0"

info: ::1 - - [07/Jan/2024:01:27:44 +0000] "GET /api/v1/users/getAllUsers HTTP/1.1" 200 2634 "-" "PostmanRuntime/7.36.0"

info: ::1 - - [07/Jan/2024:01:28:49 +0000] "GET /api/v1/users/getAllUsers HTTP/1.1" 500 54 "-" "PostmanRuntime/7.36.0"

info: ::1 - - [07/Jan/2024:01:29:47 +0000] "GET /api/v1/users/getAllUsers HTTP/1.1" 500 57 "-" "PostmanRuntime/7.36.0"

info: ::1 - - [07/Jan/2024:01:31:07 +0000] "GET /api/v1/users/getAllUsers HTTP/1.1" 200 2634 "-" "PostmanRuntime/7.36.0"

info: ::1 - - [07/Jan/2024:01:31:21 +0000] "GET /api/v1/users/file HTTP/1.1" 500 75 "-" "PostmanRuntime/7.36.0"

info: ::1 - - [07/Jan/2024:01:31:43 +0000] "DELETE /api/v1/users/65995050c705bd558891b2bd HTTP/1.1" 200 71 "-" "PostmanRuntime/7.36.0"

info: ::1 - - [07/Jan/2024:01:31:51 +0000] "GET /api/v1/users/file HTTP/1.1" 500 75 "-" "PostmanRuntime/7.36.0"

info: ::1 - - [07/Jan/2024:01:36:26 +0000] "POST /api/v1/users/login HTTP/1.1" 200 314 "-" "PostmanRuntime/7.36.0"

info: ::1 - - [07/Jan/2024:01:37:14 +0000] "POST /api/v1/users/file/upload HTTP/1.1" 200 318 "-" "PostmanRuntime/7.36.0"

info: ::1 - - [07/Jan/2024:01:37:29 +0000] "POST /api/v1/users/file/upload HTTP/1.1" 200 310 "-" "PostmanRuntime/7.36.0"

info: ::1 - - [07/Jan/2024:01:37:46 +0000] "POST /api/v1/users/file/upload HTTP/1.1" 200 433 "-" "PostmanRuntime/7.36.0"

info: ::1 - - [07/Jan/2024:01:38:11 +0000] "GET /api/v1/users/file HTTP/1.1" 200 951 "-" "PostmanRuntime/7.36.0"

info: ::1 - - [07/Jan/2024:01:38:59 +0000] "DELETE /api/v1/users/6599e6fb57012df38860b853 HTTP/1.1" 200 71 "-" "PostmanRuntime/7.36.0"

info: ::1 - - [07/Jan/2024:01:39:10 +0000] "GET /api/v1/users/file HTTP/1.1" 500 75 "-" "PostmanRuntime/7.36.0"

info: ::1 - - [07/Jan/2024:01:41:23 +0000] "GET /api/v1/users/file HTTP/1.1" 401 35 "-" "PostmanRuntime/7.36.0"

info: ::1 - - [07/Jan/2024:08:36:26 +0000] "POST /api/v1/users/user HTTP/1.1" 201 456 "-" "PostmanRuntime/7.36.0"

info: ::1 - - [07/Jan/2024:08:39:03 +0000] "DELETE /api/v1/users/659a628a8ccc0f18e1f0ef0e HTTP/1.1" 200 71 "-" "PostmanRuntime/7.36.0"

info: ::1 - - [07/Jan/2024:08:39:14 +0000] "POST /api/v1/users/user HTTP/1.1" 201 456 "-" "PostmanRuntime/7.36.0"

info: ::1 - - [07/Jan/2024:08:49:56 +0000] "DELETE /api/v1/users/659a6332752f24e7709591a6 HTTP/1.1" 200 71 "-" "PostmanRuntime/7.36.0"

info: ::1 - - [07/Jan/2024:08:50:02 +0000] "POST /api/v1/users/user HTTP/1.1" 201 456 "-" "PostmanRuntime/7.36.0"

info: ::1 - - [07/Jan/2024:09:10:53 +0000] "DELETE /api/v1/users/659a65ba752f24e7709591ab HTTP/1.1" 200 71 "-" "PostmanRuntime/7.36.0"

info: ::1 - - [07/Jan/2024:09:11:00 +0000] "POST /api/v1/users/user HTTP/1.1" 201 456 "-" "PostmanRuntime/7.36.0"

info: ::1 - - [07/Jan/2024:09:11:45 +0000] "DELETE /api/v1/users/659a6aa4752f24e7709591b0 HTTP/1.1" 200 71 "-" "PostmanRuntime/7.36.0"

info: ::1 - - [07/Jan/2024:09:11:51 +0000] "POST /api/v1/users/user HTTP/1.1" 201 456 "-" "PostmanRuntime/7.36.0"

info: ::1 - - [07/Jan/2024:09:31:20 +0000] "DELETE /api/v1/users/659a6ad7752f24e7709591b5 HTTP/1.1" 200 71 "-" "PostmanRuntime/7.36.0"

info: ::1 - - [07/Jan/2024:09:31:35 +0000] "POST /api/v1/users/user HTTP/1.1" 201 456 "-" "PostmanRuntime/7.36.0"

info: ::1 - - [07/Jan/2024:09:33:20 +0000] "DELETE /api/v1/users/659a6f77752f24e7709591ba HTTP/1.1" 200 71 "-" "PostmanRuntime/7.36.0"

info: ::1 - - [07/Jan/2024:09:33:34 +0000] "POST /api/v1/users/user HTTP/1.1" 201 456 "-" "PostmanRuntime/7.36.0"

info: ::1 - - [07/Jan/2024:09:36:29 +0000] "DELETE /api/v1/users/659a6feedca647227947e058 HTTP/1.1" 200 71 "-" "PostmanRuntime/7.36.0"

info: ::1 - - [07/Jan/2024:09:37:33 +0000] "POST /api/v1/users/user HTTP/1.1" 201 456 "-" "PostmanRuntime/7.36.0"

info: ::1 - - [07/Jan/2024:09:41:29 +0000] "POST /api/v1/users/user HTTP/1.1" 500 61 "-" "PostmanRuntime/7.36.0"

info: ::1 - - [07/Jan/2024:09:41:47 +0000] "GET /api/v1/users/getAllUsers HTTP/1.1" 200 2636 "-" "PostmanRuntime/7.36.0"

info: ::1 - - [07/Jan/2024:09:42:09 +0000] "DELETE /api/v1/users/659a70dd625bb31fc595d6a3 HTTP/1.1" 200 71 "-" "PostmanRuntime/7.36.0"

info: ::1 - - [07/Jan/2024:09:42:15 +0000] "POST /api/v1/users/user HTTP/1.1" 201 456 "-" "PostmanRuntime/7.36.0"

info: ::1 - - [07/Jan/2024:09:46:48 +0000] "DELETE /api/v1/users/659a71f62cc23bf4682acbff HTTP/1.1" 200 71 "-" "PostmanRuntime/7.36.0"

info: ::1 - - [07/Jan/2024:09:47:12 +0000] "POST /api/v1/users/user HTTP/1.1" 201 456 "-" "PostmanRuntime/7.36.0"

info: ::1 - - [07/Jan/2024:09:56:50 +0000] "DELETE /api/v1/users/659a731f6d12730a31f67161 HTTP/1.1" 200 71 "-" "PostmanRuntime/7.36.0"

info: ::1 - - [07/Jan/2024:09:57:20 +0000] "POST /api/v1/users/user HTTP/1.1" 201 456 "-" "PostmanRuntime/7.36.0"

info: ::1 - - [07/Jan/2024:09:57:58 +0000] "DELETE /api/v1/users/659a75805a5ec01ca104c6ce HTTP/1.1" 200 71 "-" "PostmanRuntime/7.36.0"

info: ::1 - - [07/Jan/2024:10:06:21 +0000] "POST /api/v1/users/user HTTP/1.1" 201 456 "-" "PostmanRuntime/7.36.0"

info: ::1 - - [07/Jan/2024:10:07:54 +0000] "DELETE /api/v1/users/659a779d48d05820c9b747fa HTTP/1.1" 200 71 "-" "PostmanRuntime/7.36.0"

info: ::1 - - [07/Jan/2024:10:08:00 +0000] "POST /api/v1/users/user HTTP/1.1" 201 456 "-" "PostmanRuntime/7.36.0"

info: ::1 - - [07/Jan/2024:10:11:23 +0000] "DELETE /api/v1/users/659a780060d3b525d15378d5 HTTP/1.1" 200 71 "-" "PostmanRuntime/7.36.0"

info: ::1 - - [07/Jan/2024:10:11:29 +0000] "POST /api/v1/users/user HTTP/1.1" 201 456 "-" "PostmanRuntime/7.36.0"

info: ::1 - - [07/Jan/2024:11:20:55 +0000] "GET /api/v1/users/getAllUsers HTTP/1.1" 200 2636 "-" "PostmanRuntime/7.36.0"

info: ::1 - - [07/Jan/2024:11:21:12 +0000] "GET /api/v1/users/getAllUsers HTTP/1.1" 200 2636 "-" "PostmanRuntime/7.36.0"

info: ::1 - - [07/Jan/2024:11:21:38 +0000] "DELETE /api/v1/users/659a78d1bb0d40fed07c1db5 HTTP/1.1" 200 71 "-" "PostmanRuntime/7.36.0"

info: ::1 - - [07/Jan/2024:11:21:46 +0000] "POST /api/v1/users/user HTTP/1.1" 201 456 "-" "PostmanRuntime/7.36.0"

info: ::1 - - [07/Jan/2024:11:24:06 +0000] "DELETE /api/v1/users/659a894ae074922b243bfd5c HTTP/1.1" 200 71 "-" "PostmanRuntime/7.36.0"

info: ::1 - - [07/Jan/2024:11:24:16 +0000] "POST /api/v1/users/user HTTP/1.1" 201 456 "-" "PostmanRuntime/7.36.0"

info: ::1 - - [07/Jan/2024:11:27:34 +0000] "DELETE /api/v1/users/659a89e0e074922b243bfd61 HTTP/1.1" 200 71 "-" "PostmanRuntime/7.36.0"

info: ::1 - - [07/Jan/2024:11:27:44 +0000] "POST /api/v1/users/user HTTP/1.1" 201 456 "-" "PostmanRuntime/7.36.0"

info: ::1 - - [07/Jan/2024:11:29:22 +0000] "POST /api/v1/users/user HTTP/1.1" 201 459 "-" "PostmanRuntime/7.36.0"

info: ::1 - - [07/Jan/2024:11:32:28 +0000] "DELETE /api/v1/users/659a8b12319c0b01506af225 HTTP/1.1" 200 71 "-" "PostmanRuntime/7.36.0"

info: ::1 - - [07/Jan/2024:11:32:34 +0000] "POST /api/v1/users/user HTTP/1.1" 201 459 "-" "PostmanRuntime/7.36.0"

info: ::1 - - [07/Jan/2024:11:34:41 +0000] "DELETE /api/v1/users/659a8bd1ab25da28cc2a1a79 HTTP/1.1" 200 71 "-" "PostmanRuntime/7.36.0"

info: ::1 - - [07/Jan/2024:11:34:48 +0000] "POST /api/v1/users/user HTTP/1.1" 201 458 "-" "PostmanRuntime/7.36.0"

info: ::1 - - [07/Jan/2024:11:36:25 +0000] "GET /api/v1/users/getAllUsers HTTP/1.1" 200 3007 "-" "PostmanRuntime/7.36.0"

info: ::1 - - [07/Jan/2024:11:38:25 +0000] "GET /api/v1/ HTTP/1.1" 200 339 "-" "Mozilla/5.0 (Windows NT 10.0; Win64; x64) AppleWebKit/537.36 (KHTML, like Gecko) Chrome/120.0.0.0 Safari/537.36"

info: ::1 - - [07/Jan/2024:11:38:25 +0000] "GET /favicon.ico HTTP/1.1" 404 47 "-" "Mozilla/5.0 (Windows NT 10.0; Win64; x64) AppleWebKit/537.36 (KHTML, like Gecko) Chrome/120.0.0.0 Safari/537.36"

info: ::1 - - [07/Jan/2024:11:39:55 +0000] "DELETE /api/v1/users/659a8c58ab25da28cc2a1a7e HTTP/1.1" 200 71 "-" "PostmanRuntime/7.36.0"

info: ::1 - - [07/Jan/2024:11:40:00 +0000] "POST /api/v1/users/user HTTP/1.1" 201 458 "-" "PostmanRuntime/7.36.0"

info: ::1 - - [07/Jan/2024:11:40:20 +0000] "GET /api/v1/users/verify/eyJhbGciOiJIUzI1NiIsInR5cCI6IkpXVCJ9.eyJtYWlsIjoicm9oaXRnMjEzQGdtYWlsLmNvbSIsImlhdCI6MTcwNDYyNzYwMCwiZXhwIjoxNzA2NDI3NjAwfQ.MDYCiGFtHcq8AZbjIJiQeKAaR4QKncr07A22kdwWozY HTTP/1.1" 200 56 "-" "Mozilla/5.0 (Windows NT 10.0; Win64; x64) AppleWebKit/537.36 (KHTML, like Gecko) Chrome/120.0.0.0 Safari/537.36"

info: ::1 - - [07/Jan/2024:11:44:58 +0000] "GET /api/v1/users/getAllUsers HTTP/1.1" 200 3007 "-" "PostmanRuntime/7.36.0"

info: ::1 - - [07/Jan/2024:11:45:20 +0000] "DELETE /api/v1/users/659a8d8fb310ed11d0f27dfc HTTP/1.1" 200 71 "-" "PostmanRuntime/7.36.0"

info: ::1 - - [07/Jan/2024:11:45:46 +0000] "POST /api/v1/users/user HTTP/1.1" 201 458 "-" "PostmanRuntime/7.36.0"

info: ::1 - - [07/Jan/2024:11:45:56 +0000] "GET /api/v1/users/verify/eyJhbGciOiJIUzI1NiIsInR5cCI6IkpXVCJ9.eyJtYWlsIjoicm9oaXRnMjEzQGdtYWlsLmNvbSIsImlhdCI6MTcwNDYyNzk0NiwiZXhwIjoxNzA2NDI3OTQ2fQ.2m4jejWyRhwgYxwJI7P-BmBDk_mt56BcXHTYf4DfClI HTTP/1.1" 200 68 "-" "Mozilla/5.0 (Windows NT 10.0; Win64; x64) AppleWebKit/537.36 (KHTML, like Gecko) Chrome/120.0.0.0 Safari/537.36"

info: ::1 - - [07/Jan/2024:11:46:22 +0000] "GET /api/v1/users/getAllUsers HTTP/1.1" 200 3007 "-" "PostmanRuntime/7.36.0"

info: ::1 - - [07/Jan/2024:11:52:52 +0000] "DELETE /api/v1/users/659a8eea3f7a61284cf21b6e HTTP/1.1" 200 71 "-" "PostmanRuntime/7.36.0"

info: ::1 - - [07/Jan/2024:11:54:58 +0000] "POST /api/v1/users/user HTTP/1.1" 201 458 "-" "PostmanRuntime/7.36.0"

info: ::1 - - [07/Jan/2024:11:55:10 +0000] "GET /api/v1/users/verify/eyJhbGciOiJIUzI1NiIsInR5cCI6IkpXVCJ9.eyJtYWlsIjoicm9oaXRnMjEzQGdtYWlsLmNvbSIsImlhdCI6MTcwNDYyODQ5OCwiZXhwIjoxNzA2NDI4NDk4fQ.A9KnBnIWwQzHgTzTZyDBVJNuyaOvAAjbsy-LNh_JGlM HTTP/1.1" 200 434 "-" "Mozilla/5.0 (Windows NT 10.0; Win64; x64) AppleWebKit/537.36 (KHTML, like Gecko) Chrome/120.0.0.0 Safari/537.36"

info: ::1 - - [07/Jan/2024:11:58:08 +0000] "DELETE /api/v1/users/659a91122e8910162878c2e0 HTTP/1.1" 200 71 "-" "PostmanRuntime/7.36.0"

info: ::1 - - [07/Jan/2024:11:58:39 +0000] "DELETE /api/v1/users/659a91122e8910162878c2e0 HTTP/1.1" 200 71 "-" "PostmanRuntime/7.36.0"

info: ::1 - - [07/Jan/2024:11:58:44 +0000] "POST /api/v1/users/user HTTP/1.1" 201 458 "-" "PostmanRuntime/7.36.0"

info: ::1 - - [07/Jan/2024:11:58:53 +0000] "GET /api/v1/users/verify/eyJhbGciOiJIUzI1NiIsInR5cCI6IkpXVCJ9.eyJtYWlsIjoicm9oaXRnMjEzQGdtYWlsLmNvbSIsImlhdCI6MTcwNDYyODcyNCwiZXhwIjoxNzA2NDI4NzI0fQ.4SDdGOxg-nWCaLUNVMuUaKEDOPnSV-BYmqzKaC7nCMg HTTP/1.1" 200 434 "-" "Mozilla/5.0 (Windows NT 10.0; Win64; x64) AppleWebKit/537.36 (KHTML, like Gecko) Chrome/120.0.0.0 Safari/537.36"

info: ::1 - - [07/Jan/2024:12:02:28 +0000] "DELETE /api/v1/users/659a91f47a670815849cf611 HTTP/1.1" 200 71 "-" "PostmanRuntime/7.36.0"

info: ::1 - - [07/Jan/2024:12:02:51 +0000] "POST /api/v1/users/user HTTP/1.1" 201 458 "-" "PostmanRuntime/7.36.0"

info: ::1 - - [07/Jan/2024:12:03:12 +0000] "GET /api/v1/users/verify/eyJhbGciOiJIUzI1NiIsInR5cCI6IkpXVCJ9.eyJtYWlsIjoicm9oaXRnMjEzQGdtYWlsLmNvbSIsImlhdCI6MTcwNDYyODk3MSwiZXhwIjoxNzA2NDI4OTcxfQ.h7Zh0UrRL6xVRtA3BvWPApJL4OmCAGeaBzDxRJvV_e4 HTTP/1.1" 200 434 "-" "Mozilla/5.0 (Windows NT 10.0; Win64; x64) AppleWebKit/537.36 (KHTML, like Gecko) Chrome/120.0.0.0 Safari/537.36"

info: ::1 - - [07/Jan/2024:12:05:57 +0000] "DELETE /api/v1/users/659a92ea3ada150b7426e005 HTTP/1.1" 200 71 "-" "PostmanRuntime/7.36.0"

info: ::1 - - [07/Jan/2024:12:06:21 +0000] "POST /api/v1/users/user HTTP/1.1" 201 458 "-" "PostmanRuntime/7.36.0"

info: ::1 - - [07/Jan/2024:12:06:39 +0000] "GET /api/v1/users/verify/eyJhbGciOiJIUzI1NiIsInR5cCI6IkpXVCJ9.eyJtYWlsIjoicm9oaXRnMjEzQGdtYWlsLmNvbSIsImlhdCI6MTcwNDYyOTE4MSwiZXhwIjoxNzA2NDI5MTgxfQ.B2ygBXhMM8PeMNZvG7gAK3OgQAfunBxyjaSGCNjIV78 HTTP/1.1" 200 434 "-" "Mozilla/5.0 (Windows NT 10.0; Win64; x64) AppleWebKit/537.36 (KHTML, like Gecko) Chrome/120.0.0.0 Safari/537.36"

info: ::1 - - [07/Jan/2024:12:08:25 +0000] "DELETE /api/v1/users/659a93bd8f08e01534170812 HTTP/1.1" 200 71 "-" "PostmanRuntime/7.36.0"

info: ::1 - - [07/Jan/2024:12:08:47 +0000] "POST /api/v1/users/user HTTP/1.1" 201 458 "-" "PostmanRuntime/7.36.0"

info: ::1 - - [07/Jan/2024:12:08:56 +0000] "GET /api/v1/users/verify/eyJhbGciOiJIUzI1NiIsInR5cCI6IkpXVCJ9.eyJtYWlsIjoicm9oaXRnMjEzQGdtYWlsLmNvbSIsImlhdCI6MTcwNDYyOTMyNywiZXhwIjoxNzA2NDI5MzI3fQ.BUK-2H_TKla4jY3VkgqlYyH-KT8WnX4MVUhRHTq4Gp0 HTTP/1.1" 200 434 "-" "Mozilla/5.0 (Windows NT 10.0; Win64; x64) AppleWebKit/537.36 (KHTML, like Gecko) Chrome/120.0.0.0 Safari/537.36"

info: ::1 - - [07/Jan/2024:12:13:30 +0000] "DELETE /api/v1/users/659a944fe7149a16d855d0aa HTTP/1.1" 200 71 "-" "PostmanRuntime/7.36.0"

info: ::1 - - [07/Jan/2024:12:13:47 +0000] "POST /api/v1/users/user HTTP/1.1" 201 458 "-" "PostmanRuntime/7.36.0"

info: ::1 - - [07/Jan/2024:12:13:57 +0000] "GET /api/v1/users/verify/eyJhbGciOiJIUzI1NiIsInR5cCI6IkpXVCJ9.eyJtYWlsIjoicm9oaXRnMjEzQGdtYWlsLmNvbSIsImlhdCI6MTcwNDYyOTYyNywiZXhwIjoxNzA2NDI5NjI3fQ.zf42fn9OIF5RldkTd9bmJVe9hpWldHAxZ7qHsukgmIM HTTP/1.1" 200 434 "-" "Mozilla/5.0 (Windows NT 10.0; Win64; x64) AppleWebKit/537.36 (KHTML, like Gecko) Chrome/120.0.0.0 Safari/537.36"

info: ::1 - - [07/Jan/2024:12:17:25 +0000] "DELETE /api/v1/users/659a957bc67afc358426e9e1 HTTP/1.1" 200 71 "-" "PostmanRuntime/7.36.0"

info: ::1 - - [07/Jan/2024:12:17:30 +0000] "POST /api/v1/users/user HTTP/1.1" 201 458 "-" "PostmanRuntime/7.36.0"

info: ::1 - - [07/Jan/2024:12:17:40 +0000] "GET /api/v1/users/verify/eyJhbGciOiJIUzI1NiIsInR5cCI6IkpXVCJ9.eyJtYWlsIjoicm9oaXRnMjEzQGdtYWlsLmNvbSIsImlhdCI6MTcwNDYyOTg1MCwiZXhwIjoxNzA2NDI5ODUwfQ.7qamVkCa2VMFGd4Byju-IojPkvZDkLjcTA_Wdro6Gqo HTTP/1.1" 200 433 "-" "Mozilla/5.0 (Windows NT 10.0; Win64; x64) AppleWebKit/537.36 (KHTML, like Gecko) Chrome/120.0.0.0 Safari/537.36"

info: ::1 - - [07/Jan/2024:12:18:00 +0000] "GET /api/v1/users/getAllUsers HTTP/1.1" 200 3006 "-" "PostmanRuntime/7.36.0"

info: ::1 - - [07/Jan/2024:12:27:56 +0000] "DELETE /api/v1/users/659a965a6179b717944fef87 HTTP/1.1" 200 71 "-" "PostmanRuntime/7.36.0"

info: ::1 - - [07/Jan/2024:12:28:01 +0000] "POST /api/v1/users/user HTTP/1.1" 201 458 "-" "PostmanRuntime/7.36.0"

info: ::1 - - [07/Jan/2024:12:28:30 +0000] "GET /api/v1/users/verify/eyJhbGciOiJIUzI1NiIsInR5cCI6IkpXVCJ9.eyJtYWlsIjoicm9oaXRnMjEzQGdtYWlsLmNvbSIsImlhdCI6MTcwNDYyOTg1MCwiZXhwIjoxNzA2NDI5ODUwfQ.7qamVkCa2VMFGd4Byju-IojPkvZDkLjcTA_Wdro6Gqo HTTP/1.1" 200 433 "-" "Mozilla/5.0 (Windows NT 10.0; Win64; x64) AppleWebKit/537.36 (KHTML, like Gecko) Chrome/120.0.0.0 Safari/537.36"

info: ::1 - - [07/Jan/2024:12:31:31 +0000] "DELETE /api/v1/users/659a98d013a9bb060ca40f9a HTTP/1.1" 200 71 "-" "PostmanRuntime/7.36.0"

info: ::1 - - [07/Jan/2024:12:31:36 +0000] "POST /api/v1/users/user HTTP/1.1" 201 458 "-" "PostmanRuntime/7.36.0"

info: ::1 - - [07/Jan/2024:12:31:46 +0000] "GET /api/v1/users/verify/eyJhbGciOiJIUzI1NiIsInR5cCI6IkpXVCJ9.eyJtYWlsIjoicm9oaXRnMjEzQGdtYWlsLmNvbSIsImlhdCI6MTcwNDYzMDY5NiwiZXhwIjoxNzA2NDMwNjk2fQ.iEZX4DslB9oyXM8K8Zww76hxl8lqsnkzjnOGdbLiCmg HTTP/1.1" 200 433 "-" "Mozilla/5.0 (Windows NT 10.0; Win64; x64) AppleWebKit/537.36 (KHTML, like Gecko) Chrome/120.0.0.0 Safari/537.36"

info: ::1 - - [07/Jan/2024:12:32:54 +0000] "GET /api/v1/users/getAllUsers HTTP/1.1" 200 3006 "-" "PostmanRuntime/7.36.0"

info: ::1 - - [07/Jan/2024:12:34:38 +0000] "DELETE /api/v1/users/659a99a89403a032784350bc HTTP/1.1" 200 71 "-" "PostmanRuntime/7.36.0"

info: ::1 - - [07/Jan/2024:12:34:43 +0000] "POST /api/v1/users/user HTTP/1.1" 201 458 "-" "PostmanRuntime/7.36.0"

info: ::1 - - [07/Jan/2024:12:34:54 +0000] "GET /api/v1/users/verify/eyJhbGciOiJIUzI1NiIsInR5cCI6IkpXVCJ9.eyJtYWlsIjoicm9oaXRnMjEzQGdtYWlsLmNvbSIsImlhdCI6MTcwNDYzMDg4MywiZXhwIjoxNzA2NDMwODgzfQ.yYm5D7mAaolLZWtc3rNjPNwFnb-KUIqu5sWExhW_sho HTTP/1.1" 200 433 "-" "Mozilla/5.0 (Windows NT 10.0; Win64; x64) AppleWebKit/537.36 (KHTML, like Gecko) Chrome/120.0.0.0 Safari/537.36"

info: ::1 - - [07/Jan/2024:12:37:08 +0000] "POST /api/v1/users/login HTTP/1.1" 500 53 "-" "PostmanRuntime/7.36.0"

info: ::1 - - [07/Jan/2024:12:37:33 +0000] "POST /api/v1/users/login HTTP/1.1" 500 53 "-" "PostmanRuntime/7.36.0"

info: ::1 - - [07/Jan/2024:12:37:54 +0000] "GET /api/v1/users/getAllUsers HTTP/1.1" 200 3006 "-" "PostmanRuntime/7.36.0"

info: ::1 - - [07/Jan/2024:12:38:49 +0000] "POST /api/v1/users/login HTTP/1.1" 500 53 "-" "PostmanRuntime/7.36.0"

info: ::1 - - [07/Jan/2024:12:39:14 +0000] "POST /api/v1/users/login HTTP/1.1" 200 312 "-" "PostmanRuntime/7.36.0"

info: ::1 - - [07/Jan/2024:12:40:02 +0000] "POST /api/v1/users/login HTTP/1.1" 200 312 "-" "PostmanRuntime/7.36.0"

info: ::1 - - [07/Jan/2024:12:41:40 +0000] "POST /api/v1/users/login HTTP/1.1" 200 312 "-" "PostmanRuntime/7.36.0"

info: ::1 - - [07/Jan/2024:12:43:28 +0000] "POST /api/v1/users/login HTTP/1.1" 200 312 "-" "PostmanRuntime/7.36.0"

info: ::1 - - [07/Jan/2024:12:43:38 +0000] "GET /api/v1/users/getAllUsers HTTP/1.1" 200 3006 "-" "PostmanRuntime/7.36.0"

info: ::1 - - [07/Jan/2024:12:44:24 +0000] "POST /api/v1/users/login HTTP/1.1" 500 77 "-" "PostmanRuntime/7.36.0"

info: ::1 - - [07/Jan/2024:12:46:37 +0000] "POST /api/v1/users/login HTTP/1.1" 500 61 "-" "PostmanRuntime/7.36.0"

info: ::1 - - [07/Jan/2024:12:46:44 +0000] "POST /api/v1/users/login HTTP/1.1" 500 58 "-" "PostmanRuntime/7.36.0"

info: ::1 - - [07/Jan/2024:12:46:54 +0000] "POST /api/v1/users/login HTTP/1.1" 500 61 "-" "PostmanRuntime/7.36.0"

info: ::1 - - [07/Jan/2024:12:53:17 +0000] "POST /api/v1/users/login HTTP/1.1" 500 61 "-" "PostmanRuntime/7.36.0"

info: ::1 - - [07/Jan/2024:12:53:33 +0000] "POST /api/v1/users/login HTTP/1.1" 200 312 "-" "PostmanRuntime/7.36.0"

info: ::1 - - [07/Jan/2024:12:58:01 +0000] "DELETE /api/v1/users/659a9a6331504f2cf8cd14d9 HTTP/1.1" 200 71 "-" "PostmanRuntime/7.36.0"

info: ::1 - - [07/Jan/2024:12:58:06 +0000] "POST /api/v1/users/user HTTP/1.1" 201 458 "-" "PostmanRuntime/7.36.0"

info: ::1 - - [07/Jan/2024:12:58:29 +0000] "GET /api/v1/users/verify/eyJhbGciOiJIUzI1NiIsInR5cCI6IkpXVCJ9.eyJtYWlsIjoicm9oaXRnMjEzQGdtYWlsLmNvbSIsImlhdCI6MTcwNDYzMjI4NiwiZXhwIjoxNzA2NDMyMjg2fQ.P4fz7E7VVXvSlcZ5SgJ0mPGCrPhlCNuzLO5NHX-Qo-k HTTP/1.1" 200 433 "-" "Mozilla/5.0 (Windows NT 10.0; Win64; x64) AppleWebKit/537.36 (KHTML, like Gecko) Chrome/120.0.0.0 Safari/537.36"

