info: Server started at http://localhost:3000/api/v1/ {"timestamp":"2023-12-31T04:31:59.298Z"}
info: Server started at http://localhost:3000/api/v1/ {"timestamp":"2023-12-31T04:32:04.477Z"}
info: Server started at http://localhost:3000/api/v1/ {"timestamp":"2023-12-31T04:32:09.815Z"}
info: Connected to the database. {"timestamp":"2023-12-31T04:32:13.066Z"}
error: 
    status - 500 
    message - TypeError: Cannot read property 'filename' of undefined
    at _callee$ (D:\My Project\file-library\src\services\/file.service.js:7:24)
    at tryCatch (D:\My Project\file-library\node_modules\@babel\runtime\helpers\regeneratorRuntime.js:45:16)
    at Generator.<anonymous> (D:\My Project\file-library\node_modules\@babel\runtime\helpers\regeneratorRuntime.js:133:17)
    at Generator.next (D:\My Project\file-library\node_modules\@babel\runtime\helpers\regeneratorRuntime.js:74:21)
    at asyncGeneratorStep (D:\My Project\file-library\node_modules\@babel\runtime\helpers\asyncToGenerator.js:3:24)
    at _next (D:\My Project\file-library\node_modules\@babel\runtime\helpers\asyncToGenerator.js:22:9)
    at D:\My Project\file-library\node_modules\@babel\runtime\helpers\asyncToGenerator.js:27:7
    at new Promise (<anonymous>)
    at Object.apply (D:\My Project\file-library\node_modules\@babel\runtime\helpers\asyncToGenerator.js:19:12)
    at Object.fileUpload (D:\My Project\file-library\src\services\/file.service.js:3:24)
    at _callee$ (D:\My Project\file-library\src\controllers\/file.controller.js:6:38)
    at tryCatch (D:\My Project\file-library\node_modules\@babel\runtime\helpers\regeneratorRuntime.js:45:16)
    at Generator.<anonymous> (D:\My Project\file-library\node_modules\@babel\runtime\helpers\regeneratorRuntime.js:133:17)
    at Generator.next (D:\My Project\file-library\node_modules\@babel\runtime\helpers\regeneratorRuntime.js:74:21)
    at asyncGeneratorStep (D:\My Project\file-library\node_modules\@babel\runtime\helpers\asyncToGenerator.js:3:24)
    at _next (D:\My Project\file-library\node_modules\@babel\runtime\helpers\asyncToGenerator.js:22:9) 
    url - /api/v1/users/upload 
    method - POST 
    IP - ::1
   {"timestamp":"2023-12-31T04:33:44.664Z"}
info: Server started at http://localhost:3000/api/v1/ {"timestamp":"2023-12-31T04:34:26.781Z"}
info: Server started at http://localhost:3000/api/v1/ {"timestamp":"2023-12-31T04:34:29.023Z"}
info: Server started at http://localhost:3000/api/v1/ {"timestamp":"2023-12-31T04:34:34.161Z"}
info: Server started at http://localhost:3000/api/v1/ {"timestamp":"2023-12-31T04:34:38.013Z"}
info: Connected to the database. {"timestamp":"2023-12-31T04:34:41.023Z"}
error: 
    status - 500 
    message - TypeError: Cannot read property 'filename' of undefined
    at _callee$ (D:\My Project\file-library\src\services\/file.service.js:8:24)
    at tryCatch (D:\My Project\file-library\node_modules\@babel\runtime\helpers\regeneratorRuntime.js:45:16)
    at Generator.<anonymous> (D:\My Project\file-library\node_modules\@babel\runtime\helpers\regeneratorRuntime.js:133:17)
    at Generator.next (D:\My Project\file-library\node_modules\@babel\runtime\helpers\regeneratorRuntime.js:74:21)
    at asyncGeneratorStep (D:\My Project\file-library\node_modules\@babel\runtime\helpers\asyncToGenerator.js:3:24)
    at _next (D:\My Project\file-library\node_modules\@babel\runtime\helpers\asyncToGenerator.js:22:9)
    at D:\My Project\file-library\node_modules\@babel\runtime\helpers\asyncToGenerator.js:27:7
    at new Promise (<anonymous>)
    at Object.apply (D:\My Project\file-library\node_modules\@babel\runtime\helpers\asyncToGenerator.js:19:12)
    at Object.fileUpload (D:\My Project\file-library\src\services\/file.service.js:3:24)
    at _callee$ (D:\My Project\file-library\src\controllers\/file.controller.js:6:38)
    at tryCatch (D:\My Project\file-library\node_modules\@babel\runtime\helpers\regeneratorRuntime.js:45:16)
    at Generator.<anonymous> (D:\My Project\file-library\node_modules\@babel\runtime\helpers\regeneratorRuntime.js:133:17)
    at Generator.next (D:\My Project\file-library\node_modules\@babel\runtime\helpers\regeneratorRuntime.js:74:21)
    at asyncGeneratorStep (D:\My Project\file-library\node_modules\@babel\runtime\helpers\asyncToGenerator.js:3:24)
    at _next (D:\My Project\file-library\node_modules\@babel\runtime\helpers\asyncToGenerator.js:22:9) 
    url - /api/v1/users/upload 
    method - POST 
    IP - ::1
   {"timestamp":"2023-12-31T04:34:53.254Z"}
info: Server started at http://localhost:3000/api/v1/ {"timestamp":"2023-12-31T04:35:23.881Z"}
info: Connected to the database. {"timestamp":"2023-12-31T04:35:26.894Z"}
info: Server started at http://localhost:3000/api/v1/ {"timestamp":"2023-12-31T04:35:30.949Z"}
info: Server started at http://localhost:3000/api/v1/ {"timestamp":"2023-12-31T04:35:35.991Z"}
info: Connected to the database. {"timestamp":"2023-12-31T04:35:38.921Z"}
error: 
    status - 500 
    message - TypeError: Cannot read property 'filename' of undefined
    at _callee$ (D:\My Project\file-library\src\services\/file.service.js:8:24)
    at tryCatch (D:\My Project\file-library\node_modules\@babel\runtime\helpers\regeneratorRuntime.js:45:16)
    at Generator.<anonymous> (D:\My Project\file-library\node_modules\@babel\runtime\helpers\regeneratorRuntime.js:133:17)
    at Generator.next (D:\My Project\file-library\node_modules\@babel\runtime\helpers\regeneratorRuntime.js:74:21)
    at asyncGeneratorStep (D:\My Project\file-library\node_modules\@babel\runtime\helpers\asyncToGenerator.js:3:24)
    at _next (D:\My Project\file-library\node_modules\@babel\runtime\helpers\asyncToGenerator.js:22:9)
    at D:\My Project\file-library\node_modules\@babel\runtime\helpers\asyncToGenerator.js:27:7
    at new Promise (<anonymous>)
    at Object.apply (D:\My Project\file-library\node_modules\@babel\runtime\helpers\asyncToGenerator.js:19:12)
    at Object.fileUpload (D:\My Project\file-library\src\services\/file.service.js:3:24)
    at _callee$ (D:\My Project\file-library\src\controllers\/file.controller.js:7:38)
    at tryCatch (D:\My Project\file-library\node_modules\@babel\runtime\helpers\regeneratorRuntime.js:45:16)
    at Generator.<anonymous> (D:\My Project\file-library\node_modules\@babel\runtime\helpers\regeneratorRuntime.js:133:17)
    at Generator.next (D:\My Project\file-library\node_modules\@babel\runtime\helpers\regeneratorRuntime.js:74:21)
    at asyncGeneratorStep (D:\My Project\file-library\node_modules\@babel\runtime\helpers\asyncToGenerator.js:3:24)
    at _next (D:\My Project\file-library\node_modules\@babel\runtime\helpers\asyncToGenerator.js:22:9) 
    url - /api/v1/users/upload 
    method - POST 
    IP - ::1
   {"timestamp":"2023-12-31T04:35:42.762Z"}
error: 
    status - 500 
    message - TypeError: Cannot read property 'filename' of undefined
    at _callee$ (D:\My Project\file-library\src\services\/file.service.js:8:24)
    at tryCatch (D:\My Project\file-library\node_modules\@babel\runtime\helpers\regeneratorRuntime.js:45:16)
    at Generator.<anonymous> (D:\My Project\file-library\node_modules\@babel\runtime\helpers\regeneratorRuntime.js:133:17)
    at Generator.next (D:\My Project\file-library\node_modules\@babel\runtime\helpers\regeneratorRuntime.js:74:21)
    at asyncGeneratorStep (D:\My Project\file-library\node_modules\@babel\runtime\helpers\asyncToGenerator.js:3:24)
    at _next (D:\My Project\file-library\node_modules\@babel\runtime\helpers\asyncToGenerator.js:22:9)
    at D:\My Project\file-library\node_modules\@babel\runtime\helpers\asyncToGenerator.js:27:7
    at new Promise (<anonymous>)
    at Object.apply (D:\My Project\file-library\node_modules\@babel\runtime\helpers\asyncToGenerator.js:19:12)
    at Object.fileUpload (D:\My Project\file-library\src\services\/file.service.js:3:24)
    at _callee$ (D:\My Project\file-library\src\controllers\/file.controller.js:7:38)
    at tryCatch (D:\My Project\file-library\node_modules\@babel\runtime\helpers\regeneratorRuntime.js:45:16)
    at Generator.<anonymous> (D:\My Project\file-library\node_modules\@babel\runtime\helpers\regeneratorRuntime.js:133:17)
    at Generator.next (D:\My Project\file-library\node_modules\@babel\runtime\helpers\regeneratorRuntime.js:74:21)
    at asyncGeneratorStep (D:\My Project\file-library\node_modules\@babel\runtime\helpers\asyncToGenerator.js:3:24)
    at _next (D:\My Project\file-library\node_modules\@babel\runtime\helpers\asyncToGenerator.js:22:9) 
    url - /api/v1/users/upload 
    method - POST 
    IP - ::1
   {"timestamp":"2023-12-31T04:37:57.108Z"}
info: Server started at http://localhost:3000/api/v1/ {"timestamp":"2023-12-31T04:38:48.840Z"}
info: Connected to the database. {"timestamp":"2023-12-31T04:38:52.494Z"}
error: 
    status - 500 
    message - TypeError: Cannot read property 'filename' of undefined
    at _callee$ (D:\My Project\file-library\src\services\/file.service.js:8:24)
    at tryCatch (D:\My Project\file-library\node_modules\@babel\runtime\helpers\regeneratorRuntime.js:45:16)
    at Generator.<anonymous> (D:\My Project\file-library\node_modules\@babel\runtime\helpers\regeneratorRuntime.js:133:17)
    at Generator.next (D:\My Project\file-library\node_modules\@babel\runtime\helpers\regeneratorRuntime.js:74:21)
    at asyncGeneratorStep (D:\My Project\file-library\node_modules\@babel\runtime\helpers\asyncToGenerator.js:3:24)
    at _next (D:\My Project\file-library\node_modules\@babel\runtime\helpers\asyncToGenerator.js:22:9)
    at D:\My Project\file-library\node_modules\@babel\runtime\helpers\asyncToGenerator.js:27:7
    at new Promise (<anonymous>)
    at Object.apply (D:\My Project\file-library\node_modules\@babel\runtime\helpers\asyncToGenerator.js:19:12)
    at Object.fileUpload (D:\My Project\file-library\src\services\/file.service.js:3:24)
    at _callee$ (D:\My Project\file-library\src\controllers\/file.controller.js:7:38)
    at tryCatch (D:\My Project\file-library\node_modules\@babel\runtime\helpers\regeneratorRuntime.js:45:16)
    at Generator.<anonymous> (D:\My Project\file-library\node_modules\@babel\runtime\helpers\regeneratorRuntime.js:133:17)
    at Generator.next (D:\My Project\file-library\node_modules\@babel\runtime\helpers\regeneratorRuntime.js:74:21)
    at asyncGeneratorStep (D:\My Project\file-library\node_modules\@babel\runtime\helpers\asyncToGenerator.js:3:24)
    at _next (D:\My Project\file-library\node_modules\@babel\runtime\helpers\asyncToGenerator.js:22:9) 
    url - /api/v1/users/upload 
    method - POST 
    IP - ::1
   {"timestamp":"2023-12-31T04:38:56.832Z"}
info: Server started at http://localhost:3000/api/v1/ {"timestamp":"2023-12-31T04:42:32.486Z"}
info: Server started at http://localhost:3000/api/v1/ {"timestamp":"2023-12-31T04:42:37.925Z"}
info: Connected to the database. {"timestamp":"2023-12-31T04:42:42.716Z"}
info: Server started at http://localhost:3000/api/v1/ {"timestamp":"2023-12-31T04:42:56.251Z"}
info: Connected to the database. {"timestamp":"2023-12-31T04:42:59.227Z"}
info: Server started at http://localhost:3000/api/v1/ {"timestamp":"2023-12-31T04:43:10.890Z"}
info: Connected to the database. {"timestamp":"2023-12-31T04:43:14.406Z"}
error: 
    status - 500 
    message - TypeError: Cannot read property 'filename' of undefined
    at _callee$ (D:\My Project\file-library\src\services\/file.service.js:5:24)
    at tryCatch (D:\My Project\file-library\node_modules\@babel\runtime\helpers\regeneratorRuntime.js:45:16)
    at Generator.<anonymous> (D:\My Project\file-library\node_modules\@babel\runtime\helpers\regeneratorRuntime.js:133:17)
    at Generator.next (D:\My Project\file-library\node_modules\@babel\runtime\helpers\regeneratorRuntime.js:74:21)
    at asyncGeneratorStep (D:\My Project\file-library\node_modules\@babel\runtime\helpers\asyncToGenerator.js:3:24)
    at _next (D:\My Project\file-library\node_modules\@babel\runtime\helpers\asyncToGenerator.js:22:9)
    at D:\My Project\file-library\node_modules\@babel\runtime\helpers\asyncToGenerator.js:27:7
    at new Promise (<anonymous>)
    at Object.apply (D:\My Project\file-library\node_modules\@babel\runtime\helpers\asyncToGenerator.js:19:12)
    at Object.fileUpload (D:\My Project\file-library\src\services\/file.service.js:3:24)
    at _callee$ (D:\My Project\file-library\src\controllers\/file.controller.js:7:40)
    at tryCatch (D:\My Project\file-library\node_modules\@babel\runtime\helpers\regeneratorRuntime.js:45:16)
    at Generator.<anonymous> (D:\My Project\file-library\node_modules\@babel\runtime\helpers\regeneratorRuntime.js:133:17)
    at Generator.next (D:\My Project\file-library\node_modules\@babel\runtime\helpers\regeneratorRuntime.js:74:21)
    at asyncGeneratorStep (D:\My Project\file-library\node_modules\@babel\runtime\helpers\asyncToGenerator.js:3:24)
    at _next (D:\My Project\file-library\node_modules\@babel\runtime\helpers\asyncToGenerator.js:22:9) 
    url - /api/v1/users/upload 
    method - POST 
    IP - ::1
   {"timestamp":"2023-12-31T04:43:27.993Z"}
info: Server started at http://localhost:3000/api/v1/ {"timestamp":"2023-12-31T04:46:26.427Z"}
info: Connected to the database. {"timestamp":"2023-12-31T04:46:29.375Z"}
error: 
    status - 500 
    message - MulterError: Unexpected field
    at wrappedFileFilter (D:\My Project\file-library\node_modules\multer\index.js:40:19)
    at Multipart.<anonymous> (D:\My Project\file-library\node_modules\multer\lib\make-middleware.js:107:7)
    at Multipart.emit (events.js:400:28)
    at Multipart.emit (domain.js:475:12)
    at HeaderParser.cb (D:\My Project\file-library\node_modules\busboy\lib\types\multipart.js:358:14)
    at HeaderParser.push (D:\My Project\file-library\node_modules\busboy\lib\types\multipart.js:162:20)
    at SBMH.ssCb [as _cb] (D:\My Project\file-library\node_modules\busboy\lib\types\multipart.js:394:37)
    at feed (D:\My Project\file-library\node_modules\streamsearch\lib\sbmh.js:219:14)
    at SBMH.push (D:\My Project\file-library\node_modules\streamsearch\lib\sbmh.js:104:16)
    at Multipart._write (D:\My Project\file-library\node_modules\busboy\lib\types\multipart.js:567:19)
    at writeOrBuffer (internal/streams/writable.js:358:12)
    at Multipart.Writable.write (internal/streams/writable.js:303:10)
    at IncomingMessage.ondata (internal/streams/readable.js:731:22)
    at IncomingMessage.emit (events.js:400:28)
    at IncomingMessage.emit (domain.js:475:12)
    at IncomingMessage.Readable.read (internal/streams/readable.js:504:10) 
    url - /api/v1/users/upload 
    method - POST 
    IP - ::1
   {"timestamp":"2023-12-31T04:46:35.654Z"}
info: Server started at http://localhost:3000/api/v1/ {"timestamp":"2023-12-31T04:48:23.973Z"}
info: Connected to the database. {"timestamp":"2023-12-31T04:48:27.825Z"}
error: 
    status - 500 
    message - MulterError: Unexpected field
    at wrappedFileFilter (D:\My Project\file-library\node_modules\multer\index.js:40:19)
    at Multipart.<anonymous> (D:\My Project\file-library\node_modules\multer\lib\make-middleware.js:107:7)
    at Multipart.emit (events.js:400:28)
    at Multipart.emit (domain.js:475:12)
    at HeaderParser.cb (D:\My Project\file-library\node_modules\busboy\lib\types\multipart.js:358:14)
    at HeaderParser.push (D:\My Project\file-library\node_modules\busboy\lib\types\multipart.js:162:20)
    at SBMH.ssCb [as _cb] (D:\My Project\file-library\node_modules\busboy\lib\types\multipart.js:394:37)
    at feed (D:\My Project\file-library\node_modules\streamsearch\lib\sbmh.js:248:10)
    at SBMH.push (D:\My Project\file-library\node_modules\streamsearch\lib\sbmh.js:104:16)
    at Multipart._write (D:\My Project\file-library\node_modules\busboy\lib\types\multipart.js:567:19)
    at writeOrBuffer (internal/streams/writable.js:358:12)
    at Multipart.Writable.write (internal/streams/writable.js:303:10)
    at IncomingMessage.ondata (internal/streams/readable.js:731:22)
    at IncomingMessage.emit (events.js:400:28)
    at IncomingMessage.emit (domain.js:475:12)
    at IncomingMessage.Readable.read (internal/streams/readable.js:504:10) 
    url - /api/v1/users/upload 
    method - POST 
    IP - ::1
   {"timestamp":"2023-12-31T04:48:36.786Z"}
info: Server started at http://localhost:3000/api/v1/ {"timestamp":"2023-12-31T04:49:03.224Z"}
info: Connected to the database. {"timestamp":"2023-12-31T04:49:07.138Z"}
error: 
    status - 500 
    message - MulterError: Unexpected field
    at wrappedFileFilter (D:\My Project\file-library\node_modules\multer\index.js:40:19)
    at Multipart.<anonymous> (D:\My Project\file-library\node_modules\multer\lib\make-middleware.js:107:7)
    at Multipart.emit (events.js:400:28)
    at Multipart.emit (domain.js:475:12)
    at HeaderParser.cb (D:\My Project\file-library\node_modules\busboy\lib\types\multipart.js:358:14)
    at HeaderParser.push (D:\My Project\file-library\node_modules\busboy\lib\types\multipart.js:162:20)
    at SBMH.ssCb [as _cb] (D:\My Project\file-library\node_modules\busboy\lib\types\multipart.js:394:37)
    at feed (D:\My Project\file-library\node_modules\streamsearch\lib\sbmh.js:248:10)
    at SBMH.push (D:\My Project\file-library\node_modules\streamsearch\lib\sbmh.js:104:16)
    at Multipart._write (D:\My Project\file-library\node_modules\busboy\lib\types\multipart.js:567:19)
    at writeOrBuffer (internal/streams/writable.js:358:12)
    at Multipart.Writable.write (internal/streams/writable.js:303:10)
    at IncomingMessage.ondata (internal/streams/readable.js:731:22)
    at IncomingMessage.emit (events.js:400:28)
    at IncomingMessage.emit (domain.js:475:12)
    at IncomingMessage.Readable.read (internal/streams/readable.js:504:10) 
    url - /api/v1/users/upload 
    method - POST 
    IP - ::1
   {"timestamp":"2023-12-31T04:49:19.038Z"}
info: Server started at http://localhost:3000/api/v1/ {"timestamp":"2023-12-31T04:51:15.738Z"}
info: Connected to the database. {"timestamp":"2023-12-31T04:51:19.019Z"}
info: Server started at http://localhost:3000/api/v1/ {"timestamp":"2023-12-31T04:51:26.709Z"}
info: Server started at http://localhost:3000/api/v1/ {"timestamp":"2023-12-31T04:51:33.580Z"}
info: Connected to the database. {"timestamp":"2023-12-31T04:51:36.640Z"}
error: 
    status - 500 
    message - MulterError: Unexpected field
    at wrappedFileFilter (D:\My Project\file-library\node_modules\multer\index.js:40:19)
    at Multipart.<anonymous> (D:\My Project\file-library\node_modules\multer\lib\make-middleware.js:107:7)
    at Multipart.emit (events.js:400:28)
    at Multipart.emit (domain.js:475:12)
    at HeaderParser.cb (D:\My Project\file-library\node_modules\busboy\lib\types\multipart.js:358:14)
    at HeaderParser.push (D:\My Project\file-library\node_modules\busboy\lib\types\multipart.js:162:20)
    at SBMH.ssCb [as _cb] (D:\My Project\file-library\node_modules\busboy\lib\types\multipart.js:394:37)
    at feed (D:\My Project\file-library\node_modules\streamsearch\lib\sbmh.js:248:10)
    at SBMH.push (D:\My Project\file-library\node_modules\streamsearch\lib\sbmh.js:104:16)
    at Multipart._write (D:\My Project\file-library\node_modules\busboy\lib\types\multipart.js:567:19)
    at writeOrBuffer (internal/streams/writable.js:358:12)
    at Multipart.Writable.write (internal/streams/writable.js:303:10)
    at IncomingMessage.ondata (internal/streams/readable.js:731:22)
    at IncomingMessage.emit (events.js:400:28)
    at IncomingMessage.emit (domain.js:475:12)
    at IncomingMessage.Readable.read (internal/streams/readable.js:504:10) 
    url - /api/v1/users/upload 
    method - POST 
    IP - ::1
   {"timestamp":"2023-12-31T04:51:39.045Z"}
error: 
    status - 500 
    message - MulterError: Unexpected field
    at wrappedFileFilter (D:\My Project\file-library\node_modules\multer\index.js:40:19)
    at Multipart.<anonymous> (D:\My Project\file-library\node_modules\multer\lib\make-middleware.js:107:7)
    at Multipart.emit (events.js:400:28)
    at Multipart.emit (domain.js:475:12)
    at HeaderParser.cb (D:\My Project\file-library\node_modules\busboy\lib\types\multipart.js:358:14)
    at HeaderParser.push (D:\My Project\file-library\node_modules\busboy\lib\types\multipart.js:162:20)
    at SBMH.ssCb [as _cb] (D:\My Project\file-library\node_modules\busboy\lib\types\multipart.js:394:37)
    at feed (D:\My Project\file-library\node_modules\streamsearch\lib\sbmh.js:248:10)
    at SBMH.push (D:\My Project\file-library\node_modules\streamsearch\lib\sbmh.js:104:16)
    at Multipart._write (D:\My Project\file-library\node_modules\busboy\lib\types\multipart.js:567:19)
    at writeOrBuffer (internal/streams/writable.js:358:12)
    at Multipart.Writable.write (internal/streams/writable.js:303:10)
    at IncomingMessage.ondata (internal/streams/readable.js:731:22)
    at IncomingMessage.emit (events.js:400:28)
    at IncomingMessage.emit (domain.js:475:12)
    at IncomingMessage.Readable.read (internal/streams/readable.js:504:10) 
    url - /api/v1/users/upload 
    method - POST 
    IP - ::1
   {"timestamp":"2023-12-31T04:52:10.752Z"}
info: Server started at http://localhost:3000/api/v1/ {"timestamp":"2023-12-31T05:02:42.932Z"}
info: Connected to the database. {"timestamp":"2023-12-31T05:02:45.780Z"}
info: Server started at http://localhost:3000/api/v1/ {"timestamp":"2023-12-31T05:04:11.299Z"}
info: Connected to the database. {"timestamp":"2023-12-31T05:04:14.543Z"}
error: 
    status - 500 
    message - MulterError: Unexpected field
    at wrappedFileFilter (D:\My Project\file-library\node_modules\multer\index.js:40:19)
    at Multipart.<anonymous> (D:\My Project\file-library\node_modules\multer\lib\make-middleware.js:107:7)
    at Multipart.emit (events.js:400:28)
    at Multipart.emit (domain.js:475:12)
    at HeaderParser.cb (D:\My Project\file-library\node_modules\busboy\lib\types\multipart.js:358:14)
    at HeaderParser.push (D:\My Project\file-library\node_modules\busboy\lib\types\multipart.js:162:20)
    at SBMH.ssCb [as _cb] (D:\My Project\file-library\node_modules\busboy\lib\types\multipart.js:394:37)
    at feed (D:\My Project\file-library\node_modules\streamsearch\lib\sbmh.js:219:14)
    at SBMH.push (D:\My Project\file-library\node_modules\streamsearch\lib\sbmh.js:104:16)
    at Multipart._write (D:\My Project\file-library\node_modules\busboy\lib\types\multipart.js:567:19)
    at writeOrBuffer (internal/streams/writable.js:358:12)
    at Multipart.Writable.write (internal/streams/writable.js:303:10)
    at IncomingMessage.ondata (internal/streams/readable.js:731:22)
    at IncomingMessage.emit (events.js:400:28)
    at IncomingMessage.emit (domain.js:475:12)
    at IncomingMessage.Readable.read (internal/streams/readable.js:504:10) 
    url - /api/v1/users/upload 
    method - POST 
    IP - ::1
   {"timestamp":"2023-12-31T05:04:32.024Z"}
info: Server started at http://localhost:3000/api/v1/ {"timestamp":"2023-12-31T05:05:07.703Z"}
info: Connected to the database. {"timestamp":"2023-12-31T05:05:10.540Z"}
error: 
    status - 500 
    message - MulterError: Unexpected field
    at wrappedFileFilter (D:\My Project\file-library\node_modules\multer\index.js:40:19)
    at Multipart.<anonymous> (D:\My Project\file-library\node_modules\multer\lib\make-middleware.js:107:7)
    at Multipart.emit (events.js:400:28)
    at Multipart.emit (domain.js:475:12)
    at HeaderParser.cb (D:\My Project\file-library\node_modules\busboy\lib\types\multipart.js:358:14)
    at HeaderParser.push (D:\My Project\file-library\node_modules\busboy\lib\types\multipart.js:162:20)
    at SBMH.ssCb [as _cb] (D:\My Project\file-library\node_modules\busboy\lib\types\multipart.js:394:37)
    at feed (D:\My Project\file-library\node_modules\streamsearch\lib\sbmh.js:200:10)
    at SBMH.push (D:\My Project\file-library\node_modules\streamsearch\lib\sbmh.js:104:16)
    at Multipart._write (D:\My Project\file-library\node_modules\busboy\lib\types\multipart.js:567:19)
    at writeOrBuffer (internal/streams/writable.js:358:12)
    at Multipart.Writable.write (internal/streams/writable.js:303:10)
    at IncomingMessage.ondata (internal/streams/readable.js:731:22)
    at IncomingMessage.emit (events.js:400:28)
    at IncomingMessage.emit (domain.js:475:12)
    at addChunk (internal/streams/readable.js:293:12) 
    url - /api/v1/users/upload 
    method - POST 
    IP - ::1
   {"timestamp":"2023-12-31T05:05:25.920Z"}
info: Server started at http://localhost:3000/api/v1/ {"timestamp":"2023-12-31T05:06:01.147Z"}
info: Connected to the database. {"timestamp":"2023-12-31T05:06:04.632Z"}
info: Server started at http://localhost:3000/api/v1/ {"timestamp":"2023-12-31T05:06:13.139Z"}
info: Connected to the database. {"timestamp":"2023-12-31T05:06:15.787Z"}
info: Server started at http://localhost:3000/api/v1/ {"timestamp":"2023-12-31T05:06:26.919Z"}
info: Connected to the database. {"timestamp":"2023-12-31T05:06:29.664Z"}
error: 
      status - 400
      message - Authorization token is required 
      url - /api/v1/users/upload 
      method - GET 
      IP - ::1
     {"timestamp":"2023-12-31T05:06:48.801Z"}
error: 
    status - 500 
    message - MulterError: Unexpected field
    at wrappedFileFilter (D:\My Project\file-library\node_modules\multer\index.js:40:19)
    at Multipart.<anonymous> (D:\My Project\file-library\node_modules\multer\lib\make-middleware.js:107:7)
    at Multipart.emit (events.js:400:28)
    at Multipart.emit (domain.js:475:12)
    at HeaderParser.cb (D:\My Project\file-library\node_modules\busboy\lib\types\multipart.js:358:14)
    at HeaderParser.push (D:\My Project\file-library\node_modules\busboy\lib\types\multipart.js:162:20)
    at SBMH.ssCb [as _cb] (D:\My Project\file-library\node_modules\busboy\lib\types\multipart.js:394:37)
    at feed (D:\My Project\file-library\node_modules\streamsearch\lib\sbmh.js:219:14)
    at SBMH.push (D:\My Project\file-library\node_modules\streamsearch\lib\sbmh.js:104:16)
    at Multipart._write (D:\My Project\file-library\node_modules\busboy\lib\types\multipart.js:567:19)
    at writeOrBuffer (internal/streams/writable.js:358:12)
    at Multipart.Writable.write (internal/streams/writable.js:303:10)
    at IncomingMessage.ondata (internal/streams/readable.js:731:22)
    at IncomingMessage.emit (events.js:400:28)
    at IncomingMessage.emit (domain.js:475:12)
    at IncomingMessage.Readable.read (internal/streams/readable.js:504:10) 
    url - /api/v1/users/upload 
    method - POST 
    IP - ::1
   {"timestamp":"2023-12-31T05:08:41.014Z"}
info: Server started at http://localhost:3000/api/v1/ {"timestamp":"2023-12-31T05:11:53.205Z"}
info: Server started at http://localhost:3000/api/v1/ {"timestamp":"2023-12-31T05:11:56.744Z"}
info: Server started at http://localhost:3000/api/v1/ {"timestamp":"2023-12-31T05:12:02.205Z"}
info: Server started at http://localhost:3000/api/v1/ {"timestamp":"2023-12-31T05:12:04.884Z"}
info: Server started at http://localhost:3000/api/v1/ {"timestamp":"2023-12-31T05:12:08.750Z"}
error: 
    status - 500 
    message - MulterError: Unexpected field
    at wrappedFileFilter (D:\My Project\file-library\node_modules\multer\index.js:40:19)
    at Multipart.<anonymous> (D:\My Project\file-library\node_modules\multer\lib\make-middleware.js:107:7)
    at Multipart.emit (events.js:400:28)
    at Multipart.emit (domain.js:475:12)
    at HeaderParser.cb (D:\My Project\file-library\node_modules\busboy\lib\types\multipart.js:358:14)
    at HeaderParser.push (D:\My Project\file-library\node_modules\busboy\lib\types\multipart.js:162:20)
    at SBMH.ssCb [as _cb] (D:\My Project\file-library\node_modules\busboy\lib\types\multipart.js:394:37)
    at feed (D:\My Project\file-library\node_modules\streamsearch\lib\sbmh.js:219:14)
    at SBMH.push (D:\My Project\file-library\node_modules\streamsearch\lib\sbmh.js:104:16)
    at Multipart._write (D:\My Project\file-library\node_modules\busboy\lib\types\multipart.js:567:19)
    at writeOrBuffer (internal/streams/writable.js:358:12)
    at Multipart.Writable.write (internal/streams/writable.js:303:10)
    at IncomingMessage.ondata (internal/streams/readable.js:731:22)
    at IncomingMessage.emit (events.js:400:28)
    at IncomingMessage.emit (domain.js:475:12)
    at IncomingMessage.Readable.read (internal/streams/readable.js:504:10) 
    url - /api/v1/users/upload 
    method - POST 
    IP - ::1
   {"timestamp":"2023-12-31T05:12:10.981Z"}
info: Connected to the database. {"timestamp":"2023-12-31T05:12:11.458Z"}
info: Server started at http://localhost:3000/api/v1/ {"timestamp":"2023-12-31T05:13:56.993Z"}
info: Connected to the database. {"timestamp":"2023-12-31T05:14:00.131Z"}
error: 
    status - 500 
    message - MulterError: Unexpected field
    at wrappedFileFilter (D:\My Project\file-library\node_modules\multer\index.js:40:19)
    at Multipart.<anonymous> (D:\My Project\file-library\node_modules\multer\lib\make-middleware.js:107:7)
    at Multipart.emit (events.js:400:28)
    at Multipart.emit (domain.js:475:12)
    at HeaderParser.cb (D:\My Project\file-library\node_modules\busboy\lib\types\multipart.js:358:14)
    at HeaderParser.push (D:\My Project\file-library\node_modules\busboy\lib\types\multipart.js:162:20)
    at SBMH.ssCb [as _cb] (D:\My Project\file-library\node_modules\busboy\lib\types\multipart.js:394:37)
    at feed (D:\My Project\file-library\node_modules\streamsearch\lib\sbmh.js:219:14)
    at SBMH.push (D:\My Project\file-library\node_modules\streamsearch\lib\sbmh.js:104:16)
    at Multipart._write (D:\My Project\file-library\node_modules\busboy\lib\types\multipart.js:567:19)
    at writeOrBuffer (internal/streams/writable.js:358:12)
    at Multipart.Writable.write (internal/streams/writable.js:303:10)
    at IncomingMessage.ondata (internal/streams/readable.js:731:22)
    at IncomingMessage.emit (events.js:400:28)
    at IncomingMessage.emit (domain.js:475:12)
    at IncomingMessage.Readable.read (internal/streams/readable.js:504:10) 
    url - /api/v1/users/upload 
    method - POST 
    IP - ::1
   {"timestamp":"2023-12-31T05:14:10.953Z"}
error: 
    status - 500 
    message - MulterError: Unexpected field
    at wrappedFileFilter (D:\My Project\file-library\node_modules\multer\index.js:40:19)
    at Multipart.<anonymous> (D:\My Project\file-library\node_modules\multer\lib\make-middleware.js:107:7)
    at Multipart.emit (events.js:400:28)
    at Multipart.emit (domain.js:475:12)
    at HeaderParser.cb (D:\My Project\file-library\node_modules\busboy\lib\types\multipart.js:358:14)
    at HeaderParser.push (D:\My Project\file-library\node_modules\busboy\lib\types\multipart.js:162:20)
    at SBMH.ssCb [as _cb] (D:\My Project\file-library\node_modules\busboy\lib\types\multipart.js:394:37)
    at feed (D:\My Project\file-library\node_modules\streamsearch\lib\sbmh.js:248:10)
    at SBMH.push (D:\My Project\file-library\node_modules\streamsearch\lib\sbmh.js:104:16)
    at Multipart._write (D:\My Project\file-library\node_modules\busboy\lib\types\multipart.js:567:19)
    at writeOrBuffer (internal/streams/writable.js:358:12)
    at Multipart.Writable.write (internal/streams/writable.js:303:10)
    at IncomingMessage.ondata (internal/streams/readable.js:731:22)
    at IncomingMessage.emit (events.js:400:28)
    at IncomingMessage.emit (domain.js:475:12)
    at IncomingMessage.Readable.read (internal/streams/readable.js:504:10) 
    url - /api/v1/users/upload 
    method - POST 
    IP - ::1
   {"timestamp":"2023-12-31T05:16:06.266Z"}
info: Server started at http://localhost:3000/api/v1/ {"timestamp":"2023-12-31T05:30:57.870Z"}
info: Connected to the database. {"timestamp":"2023-12-31T05:31:00.721Z"}
error: 
    status - 500 
    message - MulterError: Unexpected field
    at wrappedFileFilter (D:\My Project\file-library\node_modules\multer\index.js:40:19)
    at Multipart.<anonymous> (D:\My Project\file-library\node_modules\multer\lib\make-middleware.js:107:7)
    at Multipart.emit (events.js:400:28)
    at Multipart.emit (domain.js:475:12)
    at HeaderParser.cb (D:\My Project\file-library\node_modules\busboy\lib\types\multipart.js:358:14)
    at HeaderParser.push (D:\My Project\file-library\node_modules\busboy\lib\types\multipart.js:162:20)
    at SBMH.ssCb [as _cb] (D:\My Project\file-library\node_modules\busboy\lib\types\multipart.js:394:37)
    at feed (D:\My Project\file-library\node_modules\streamsearch\lib\sbmh.js:219:14)
    at SBMH.push (D:\My Project\file-library\node_modules\streamsearch\lib\sbmh.js:104:16)
    at Multipart._write (D:\My Project\file-library\node_modules\busboy\lib\types\multipart.js:567:19)
    at writeOrBuffer (internal/streams/writable.js:358:12)
    at Multipart.Writable.write (internal/streams/writable.js:303:10)
    at IncomingMessage.ondata (internal/streams/readable.js:731:22)
    at IncomingMessage.emit (events.js:400:28)
    at IncomingMessage.emit (domain.js:475:12)
    at IncomingMessage.Readable.read (internal/streams/readable.js:504:10) 
    url - /api/v1/users/upload 
    method - POST 
    IP - ::1
   {"timestamp":"2023-12-31T05:31:18.062Z"}
info: Server started at http://localhost:3000/api/v1/ {"timestamp":"2023-12-31T05:31:30.022Z"}
info: Connected to the database. {"timestamp":"2023-12-31T05:31:32.720Z"}
info: Connected to the database. {"timestamp":"2023-12-31T05:31:33.251Z"}
error: 
    status - 500 
    message - MulterError: Unexpected field
    at wrappedFileFilter (D:\My Project\file-library\node_modules\multer\index.js:40:19)
    at Multipart.<anonymous> (D:\My Project\file-library\node_modules\multer\lib\make-middleware.js:107:7)
    at Multipart.emit (events.js:400:28)
    at Multipart.emit (domain.js:475:12)
    at HeaderParser.cb (D:\My Project\file-library\node_modules\busboy\lib\types\multipart.js:358:14)
    at HeaderParser.push (D:\My Project\file-library\node_modules\busboy\lib\types\multipart.js:162:20)
    at SBMH.ssCb [as _cb] (D:\My Project\file-library\node_modules\busboy\lib\types\multipart.js:394:37)
    at feed (D:\My Project\file-library\node_modules\streamsearch\lib\sbmh.js:219:14)
    at SBMH.push (D:\My Project\file-library\node_modules\streamsearch\lib\sbmh.js:104:16)
    at Multipart._write (D:\My Project\file-library\node_modules\busboy\lib\types\multipart.js:567:19)
    at writeOrBuffer (internal/streams/writable.js:358:12)
    at Multipart.Writable.write (internal/streams/writable.js:303:10)
    at IncomingMessage.ondata (internal/streams/readable.js:731:22)
    at IncomingMessage.emit (events.js:400:28)
    at IncomingMessage.emit (domain.js:475:12)
    at IncomingMessage.Readable.read (internal/streams/readable.js:504:10) 
    url - /api/v1/users/upload 
    method - POST 
    IP - ::1
   {"timestamp":"2023-12-31T05:32:02.102Z"}
info: Connected to the database. {"timestamp":"2023-12-31T05:32:56.552Z"}
error: 
    status - 500 
    message - MulterError: Unexpected field
    at wrappedFileFilter (D:\My Project\file-library\node_modules\multer\index.js:40:19)
    at Multipart.<anonymous> (D:\My Project\file-library\node_modules\multer\lib\make-middleware.js:107:7)
    at Multipart.emit (events.js:400:28)
    at Multipart.emit (domain.js:475:12)
    at HeaderParser.cb (D:\My Project\file-library\node_modules\busboy\lib\types\multipart.js:358:14)
    at HeaderParser.push (D:\My Project\file-library\node_modules\busboy\lib\types\multipart.js:162:20)
    at SBMH.ssCb [as _cb] (D:\My Project\file-library\node_modules\busboy\lib\types\multipart.js:394:37)
    at feed (D:\My Project\file-library\node_modules\streamsearch\lib\sbmh.js:200:10)
    at SBMH.push (D:\My Project\file-library\node_modules\streamsearch\lib\sbmh.js:104:16)
    at Multipart._write (D:\My Project\file-library\node_modules\busboy\lib\types\multipart.js:567:19)
    at writeOrBuffer (internal/streams/writable.js:358:12)
    at Multipart.Writable.write (internal/streams/writable.js:303:10)
    at IncomingMessage.ondata (internal/streams/readable.js:731:22)
    at IncomingMessage.emit (events.js:400:28)
    at IncomingMessage.emit (domain.js:475:12)
    at addChunk (internal/streams/readable.js:293:12) 
    url - /api/v1/users/upload 
    method - POST 
    IP - ::1
   {"timestamp":"2023-12-31T05:33:06.267Z"}
info: Server started at http://localhost:3000/api/v1/ {"timestamp":"2023-12-31T05:34:15.837Z"}
info: Connected to the database. {"timestamp":"2023-12-31T05:34:18.698Z"}
info: Server started at http://localhost:3000/api/v1/ {"timestamp":"2023-12-31T05:34:21.573Z"}
info: Server started at http://localhost:3000/api/v1/ {"timestamp":"2023-12-31T05:34:26.147Z"}
info: Server started at http://localhost:3000/api/v1/ {"timestamp":"2023-12-31T05:34:29.368Z"}
info: Server started at http://localhost:3000/api/v1/ {"timestamp":"2023-12-31T05:34:31.652Z"}
info: Connected to the database. {"timestamp":"2023-12-31T05:34:34.312Z"}
error: 
    status - 500 
    message - MulterError: Unexpected field
    at wrappedFileFilter (D:\My Project\file-library\node_modules\multer\index.js:40:19)
    at Multipart.<anonymous> (D:\My Project\file-library\node_modules\multer\lib\make-middleware.js:107:7)
    at Multipart.emit (events.js:400:28)
    at Multipart.emit (domain.js:475:12)
    at HeaderParser.cb (D:\My Project\file-library\node_modules\busboy\lib\types\multipart.js:358:14)
    at HeaderParser.push (D:\My Project\file-library\node_modules\busboy\lib\types\multipart.js:162:20)
    at SBMH.ssCb [as _cb] (D:\My Project\file-library\node_modules\busboy\lib\types\multipart.js:394:37)
    at feed (D:\My Project\file-library\node_modules\streamsearch\lib\sbmh.js:219:14)
    at SBMH.push (D:\My Project\file-library\node_modules\streamsearch\lib\sbmh.js:104:16)
    at Multipart._write (D:\My Project\file-library\node_modules\busboy\lib\types\multipart.js:567:19)
    at writeOrBuffer (internal/streams/writable.js:358:12)
    at Multipart.Writable.write (internal/streams/writable.js:303:10)
    at IncomingMessage.ondata (internal/streams/readable.js:731:22)
    at IncomingMessage.emit (events.js:400:28)
    at IncomingMessage.emit (domain.js:475:12)
    at IncomingMessage.Readable.read (internal/streams/readable.js:504:10) 
    url - /api/v1/users/upload 
    method - POST 
    IP - ::1
   {"timestamp":"2023-12-31T05:34:41.251Z"}
info: Server started at http://localhost:3000/api/v1/ {"timestamp":"2023-12-31T05:36:22.011Z"}
info: Connected to the database. {"timestamp":"2023-12-31T05:36:24.762Z"}
error: 
    status - 500 
    message - MulterError: Unexpected field
    at wrappedFileFilter (D:\My Project\file-library\node_modules\multer\index.js:40:19)
    at Multipart.<anonymous> (D:\My Project\file-library\node_modules\multer\lib\make-middleware.js:107:7)
    at Multipart.emit (events.js:400:28)
    at Multipart.emit (domain.js:475:12)
    at HeaderParser.cb (D:\My Project\file-library\node_modules\busboy\lib\types\multipart.js:358:14)
    at HeaderParser.push (D:\My Project\file-library\node_modules\busboy\lib\types\multipart.js:162:20)
    at SBMH.ssCb [as _cb] (D:\My Project\file-library\node_modules\busboy\lib\types\multipart.js:394:37)
    at feed (D:\My Project\file-library\node_modules\streamsearch\lib\sbmh.js:219:14)
    at SBMH.push (D:\My Project\file-library\node_modules\streamsearch\lib\sbmh.js:104:16)
    at Multipart._write (D:\My Project\file-library\node_modules\busboy\lib\types\multipart.js:567:19)
    at writeOrBuffer (internal/streams/writable.js:358:12)
    at Multipart.Writable.write (internal/streams/writable.js:303:10)
    at IncomingMessage.ondata (internal/streams/readable.js:731:22)
    at IncomingMessage.emit (events.js:400:28)
    at IncomingMessage.emit (domain.js:475:12)
    at IncomingMessage.Readable.read (internal/streams/readable.js:504:10) 
    url - /api/v1/users/upload 
    method - POST 
    IP - ::1
   {"timestamp":"2023-12-31T05:36:25.858Z"}
info: Server started at http://localhost:3000/api/v1/ {"timestamp":"2023-12-31T07:02:24.181Z"}
info: Connected to the database. {"timestamp":"2023-12-31T07:02:27.025Z"}
info: Connected to the database. {"timestamp":"2023-12-31T09:04:46.844Z"}
info: Connected to the database. {"timestamp":"2023-12-31T09:06:05.037Z"}
info: Server started at http://localhost:3001/api/v1/ {"timestamp":"2023-12-31T09:07:49.220Z"}
info: Connected to the database. {"timestamp":"2023-12-31T09:07:51.988Z"}
info: Connected to the database. {"timestamp":"2023-12-31T09:15:29.794Z"}
info: Server started at http://localhost:3001/api/v1/ {"timestamp":"2023-12-31T09:15:47.485Z"}
info: Connected to the database. {"timestamp":"2023-12-31T09:15:50.017Z"}
info: Server started at http://localhost:3001/api/v1/ {"timestamp":"2023-12-31T09:16:01.058Z"}
info: Connected to the database. {"timestamp":"2023-12-31T09:16:03.661Z"}
info: Server started at http://localhost:3001/api/v1/ {"timestamp":"2023-12-31T09:16:40.656Z"}
info: Server started at http://localhost:3001/api/v1/ {"timestamp":"2023-12-31T09:16:50.123Z"}
info: Connected to the database. {"timestamp":"2023-12-31T09:16:52.697Z"}
info: Server started at http://localhost:3001/api/v1/ {"timestamp":"2023-12-31T09:17:11.604Z"}
info: Connected to the database. {"timestamp":"2023-12-31T09:17:14.250Z"}
info: Server started at http://localhost:3001/api/v1/ {"timestamp":"2023-12-31T09:18:00.769Z"}
info: Connected to the database. {"timestamp":"2023-12-31T09:18:03.458Z"}
info: Server started at http://localhost:3001/api/v1/ {"timestamp":"2023-12-31T09:18:37.904Z"}
info: Connected to the database. {"timestamp":"2023-12-31T09:18:40.478Z"}
info: Server started at http://localhost:3001/api/v1/ {"timestamp":"2023-12-31T09:18:42.798Z"}
info: Connected to the database. {"timestamp":"2023-12-31T09:18:45.375Z"}
error: 
    status - 500 
    message - MulterError: Unexpected field
    at wrappedFileFilter (D:\My Project\file-library\node_modules\multer\index.js:40:19)
    at Multipart.<anonymous> (D:\My Project\file-library\node_modules\multer\lib\make-middleware.js:107:7)
    at Multipart.emit (events.js:400:28)
    at Multipart.emit (domain.js:475:12)
    at HeaderParser.cb (D:\My Project\file-library\node_modules\busboy\lib\types\multipart.js:358:14)
    at HeaderParser.push (D:\My Project\file-library\node_modules\busboy\lib\types\multipart.js:162:20)
    at SBMH.ssCb [as _cb] (D:\My Project\file-library\node_modules\busboy\lib\types\multipart.js:394:37)
    at feed (D:\My Project\file-library\node_modules\streamsearch\lib\sbmh.js:219:14)
    at SBMH.push (D:\My Project\file-library\node_modules\streamsearch\lib\sbmh.js:104:16)
    at Multipart._write (D:\My Project\file-library\node_modules\busboy\lib\types\multipart.js:567:19)
    at writeOrBuffer (internal/streams/writable.js:358:12)
    at Multipart.Writable.write (internal/streams/writable.js:303:10)
    at IncomingMessage.ondata (internal/streams/readable.js:731:22)
    at IncomingMessage.emit (events.js:400:28)
    at IncomingMessage.emit (domain.js:475:12)
    at IncomingMessage.Readable.read (internal/streams/readable.js:504:10) 
    url - /api/v1/users/upload 
    method - POST 
    IP - ::1
   {"timestamp":"2023-12-31T09:19:27.235Z"}
error: 
    status - 500 
    message - undefined 
    url - /api/v1/users/upload 
    method - POST 
    IP - ::1
   {"timestamp":"2023-12-31T09:20:03.067Z"}
info: Server started at http://localhost:3001/api/v1/ {"timestamp":"2023-12-31T09:21:31.015Z"}
info: Connected to the database. {"timestamp":"2023-12-31T09:21:34.140Z"}
error: 
    status - 500 
    message - MulterError: Unexpected field
    at wrappedFileFilter (D:\My Project\file-library\node_modules\multer\index.js:40:19)
    at Multipart.<anonymous> (D:\My Project\file-library\node_modules\multer\lib\make-middleware.js:107:7)
    at Multipart.emit (events.js:400:28)
    at Multipart.emit (domain.js:475:12)
    at HeaderParser.cb (D:\My Project\file-library\node_modules\busboy\lib\types\multipart.js:358:14)
    at HeaderParser.push (D:\My Project\file-library\node_modules\busboy\lib\types\multipart.js:162:20)
    at SBMH.ssCb [as _cb] (D:\My Project\file-library\node_modules\busboy\lib\types\multipart.js:394:37)
    at feed (D:\My Project\file-library\node_modules\streamsearch\lib\sbmh.js:200:10)
    at SBMH.push (D:\My Project\file-library\node_modules\streamsearch\lib\sbmh.js:104:16)
    at Multipart._write (D:\My Project\file-library\node_modules\busboy\lib\types\multipart.js:567:19)
    at writeOrBuffer (internal/streams/writable.js:358:12)
    at Multipart.Writable.write (internal/streams/writable.js:303:10)
    at IncomingMessage.ondata (internal/streams/readable.js:731:22)
    at IncomingMessage.emit (events.js:400:28)
    at IncomingMessage.emit (domain.js:475:12)
    at addChunk (internal/streams/readable.js:293:12) 
    url - /api/v1/users/upload 
    method - POST 
    IP - ::1
   {"timestamp":"2023-12-31T09:21:58.074Z"}
info: Server started at http://localhost:3001/api/v1/ {"timestamp":"2023-12-31T09:23:24.813Z"}
error: 
    status - 500 
    message - undefined 
    url - /api/v1/users/upload 
    method - POST 
    IP - ::1
   {"timestamp":"2023-12-31T09:23:27.126Z"}
info: Connected to the database. {"timestamp":"2023-12-31T09:23:27.574Z"}
info: Server started at http://localhost:3001/api/v1/ {"timestamp":"2023-12-31T09:25:06.811Z"}
info: Server started at http://localhost:3001/api/v1/ {"timestamp":"2023-12-31T09:25:10.684Z"}
info: Connected to the database. {"timestamp":"2023-12-31T09:25:13.340Z"}
info: Server started at http://localhost:3001/api/v1/ {"timestamp":"2023-12-31T09:25:20.298Z"}
info: Server started at http://localhost:3001/api/v1/ {"timestamp":"2023-12-31T09:25:23.154Z"}
info: Connected to the database. {"timestamp":"2023-12-31T09:25:25.725Z"}
info: Server started at http://localhost:3001/api/v1/ {"timestamp":"2023-12-31T09:25:29.649Z"}
info: Connected to the database. {"timestamp":"2023-12-31T09:25:32.201Z"}
error: 
    status - 500 
    message - undefined 
    url - /api/v1/users/upload 
    method - POST 
    IP - ::1
   {"timestamp":"2023-12-31T09:25:49.133Z"}
info: Server started at http://localhost:3001/api/v1/ {"timestamp":"2023-12-31T09:26:07.050Z"}
info: Connected to the database. {"timestamp":"2023-12-31T09:26:09.747Z"}
info: Server started at http://localhost:3001/api/v1/ {"timestamp":"2023-12-31T09:26:29.537Z"}
info: Server started at http://localhost:3001/api/v1/ {"timestamp":"2023-12-31T09:26:34.818Z"}
info: Server started at http://localhost:3001/api/v1/ {"timestamp":"2023-12-31T09:26:38.486Z"}
info: Connected to the database. {"timestamp":"2023-12-31T09:26:41.134Z"}
info: Server started at http://localhost:3001/api/v1/ {"timestamp":"2023-12-31T09:26:44.598Z"}
info: Connected to the database. {"timestamp":"2023-12-31T09:26:47.296Z"}
error: 
    status - 500 
    message - undefined 
    url - /api/v1/users/upload 
    method - POST 
    IP - ::1
   {"timestamp":"2023-12-31T09:26:50.288Z"}
error: 
    status - 500 
    message - MulterError: Unexpected field
    at wrappedFileFilter (D:\My Project\file-library\node_modules\multer\index.js:40:19)
    at Multipart.<anonymous> (D:\My Project\file-library\node_modules\multer\lib\make-middleware.js:107:7)
    at Multipart.emit (events.js:400:28)
    at Multipart.emit (domain.js:475:12)
    at HeaderParser.cb (D:\My Project\file-library\node_modules\busboy\lib\types\multipart.js:358:14)
    at HeaderParser.push (D:\My Project\file-library\node_modules\busboy\lib\types\multipart.js:162:20)
    at SBMH.ssCb [as _cb] (D:\My Project\file-library\node_modules\busboy\lib\types\multipart.js:394:37)
    at feed (D:\My Project\file-library\node_modules\streamsearch\lib\sbmh.js:248:10)
    at SBMH.push (D:\My Project\file-library\node_modules\streamsearch\lib\sbmh.js:104:16)
    at Multipart._write (D:\My Project\file-library\node_modules\busboy\lib\types\multipart.js:567:19)
    at writeOrBuffer (internal/streams/writable.js:358:12)
    at Multipart.Writable.write (internal/streams/writable.js:303:10)
    at IncomingMessage.ondata (internal/streams/readable.js:731:22)
    at IncomingMessage.emit (events.js:400:28)
    at IncomingMessage.emit (domain.js:475:12)
    at IncomingMessage.Readable.read (internal/streams/readable.js:504:10) 
    url - /api/v1/users/upload 
    method - POST 
    IP - ::1
   {"timestamp":"2023-12-31T09:27:24.861Z"}
error: 
    status - 500 
    message - MulterError: Unexpected field
    at wrappedFileFilter (D:\My Project\file-library\node_modules\multer\index.js:40:19)
    at Multipart.<anonymous> (D:\My Project\file-library\node_modules\multer\lib\make-middleware.js:107:7)
    at Multipart.emit (events.js:400:28)
    at Multipart.emit (domain.js:475:12)
    at HeaderParser.cb (D:\My Project\file-library\node_modules\busboy\lib\types\multipart.js:358:14)
    at HeaderParser.push (D:\My Project\file-library\node_modules\busboy\lib\types\multipart.js:162:20)
    at SBMH.ssCb [as _cb] (D:\My Project\file-library\node_modules\busboy\lib\types\multipart.js:394:37)
    at feed (D:\My Project\file-library\node_modules\streamsearch\lib\sbmh.js:200:10)
    at SBMH.push (D:\My Project\file-library\node_modules\streamsearch\lib\sbmh.js:104:16)
    at Multipart._write (D:\My Project\file-library\node_modules\busboy\lib\types\multipart.js:567:19)
    at writeOrBuffer (internal/streams/writable.js:358:12)
    at Multipart.Writable.write (internal/streams/writable.js:303:10)
    at IncomingMessage.ondata (internal/streams/readable.js:731:22)
    at IncomingMessage.emit (events.js:400:28)
    at IncomingMessage.emit (domain.js:475:12)
    at addChunk (internal/streams/readable.js:293:12) 
    url - /api/v1/users/upload 
    method - POST 
    IP - ::1
   {"timestamp":"2023-12-31T09:27:44.649Z"}
info: Server started at http://localhost:3001/api/v1/ {"timestamp":"2023-12-31T09:27:56.354Z"}
info: Server started at http://localhost:3001/api/v1/ {"timestamp":"2023-12-31T09:28:03.700Z"}
info: Connected to the database. {"timestamp":"2023-12-31T09:28:06.318Z"}
error: 
    status - 500 
    message - undefined 
    url - /api/v1/users/upload 
    method - POST 
    IP - ::1
   {"timestamp":"2023-12-31T09:28:14.634Z"}
info: Server started at http://localhost:3001/api/v1/ {"timestamp":"2023-12-31T09:29:12.265Z"}
info: Connected to the database. {"timestamp":"2023-12-31T09:29:14.943Z"}
info: Server started at http://localhost:3001/api/v1/ {"timestamp":"2023-12-31T09:29:32.786Z"}
info: Connected to the database. {"timestamp":"2023-12-31T09:29:35.390Z"}
info: Server started at http://localhost:3001/api/v1/ {"timestamp":"2023-12-31T09:30:12.789Z"}
info: Connected to the database. {"timestamp":"2023-12-31T09:30:15.856Z"}
info: Server started at http://localhost:3001/api/v1/ {"timestamp":"2023-12-31T09:30:18.200Z"}
info: Connected to the database. {"timestamp":"2023-12-31T09:30:21.122Z"}
info: Server started at http://localhost:3001/api/v1/ {"timestamp":"2023-12-31T09:30:30.531Z"}
info: Connected to the database. {"timestamp":"2023-12-31T09:30:33.506Z"}
info: Server started at http://localhost:3001/api/v1/ {"timestamp":"2023-12-31T09:30:36.917Z"}
info: Connected to the database. {"timestamp":"2023-12-31T09:30:40.015Z"}
info: Server started at http://localhost:3001/api/v1/ {"timestamp":"2023-12-31T09:30:58.057Z"}
info: Server started at http://localhost:3001/api/v1/ {"timestamp":"2023-12-31T09:31:01.594Z"}
info: Server started at http://localhost:3001/api/v1/ {"timestamp":"2023-12-31T09:31:04.237Z"}
info: Connected to the database. {"timestamp":"2023-12-31T09:31:07.125Z"}
error: 
    status - 500 
    message - undefined 
    url - /api/v1/users/new 
    method - POST 
    IP - ::1
   {"timestamp":"2023-12-31T09:33:57.355Z"}
info: Server started at http://localhost:3001/api/v1/ {"timestamp":"2023-12-31T09:34:41.807Z"}
info: Connected to the database. {"timestamp":"2023-12-31T09:34:44.942Z"}
info: Server started at http://localhost:3001/api/v1/ {"timestamp":"2023-12-31T09:34:48.081Z"}
info: Connected to the database. {"timestamp":"2023-12-31T09:34:51.027Z"}
info: Server started at http://localhost:3001/api/v1/ {"timestamp":"2023-12-31T09:35:08.784Z"}
info: Connected to the database. {"timestamp":"2023-12-31T09:35:11.674Z"}
info: Server started at http://localhost:3001/api/v1/ {"timestamp":"2023-12-31T09:36:36.074Z"}
info: Connected to the database. {"timestamp":"2023-12-31T09:36:39.209Z"}
error: 
    status - 500 
    message - undefined 
    url - /api/v1/users/upload 
    method - POST 
    IP - ::1
   {"timestamp":"2023-12-31T09:37:10.775Z"}
info: Server started at http://localhost:3001/api/v1/ {"timestamp":"2023-12-31T09:37:31.940Z"}
info: Connected to the database. {"timestamp":"2023-12-31T09:37:34.950Z"}
error: 
    status - 500 
    message - undefined 
    url - /api/v1/users/upload 
    method - POST 
    IP - ::1
   {"timestamp":"2023-12-31T09:37:36.422Z"}
info: Server started at http://localhost:3001/api/v1/ {"timestamp":"2023-12-31T09:38:35.374Z"}
info: Connected to the database. {"timestamp":"2023-12-31T09:38:38.508Z"}
error: 
    status - 500 
    message - undefined 
    url - /api/v1/users/upload 
    method - POST 
    IP - ::1
   {"timestamp":"2023-12-31T09:38:38.941Z"}
info: Server started at http://localhost:3001/api/v1/ {"timestamp":"2023-12-31T09:41:15.559Z"}
info: Connected to the database. {"timestamp":"2023-12-31T09:41:18.917Z"}
info: Server started at http://localhost:3001/api/v1/ {"timestamp":"2023-12-31T09:41:27.569Z"}
info: Connected to the database. {"timestamp":"2023-12-31T09:41:30.931Z"}
info: Server started at http://localhost:3001/api/v1/ {"timestamp":"2023-12-31T09:41:33.387Z"}
info: Connected to the database. {"timestamp":"2023-12-31T09:41:36.365Z"}
info: Server started at http://localhost:3001/api/v1/ {"timestamp":"2023-12-31T09:41:42.111Z"}
info: Connected to the database. {"timestamp":"2023-12-31T09:41:45.433Z"}
info: Server started at http://localhost:3001/api/v1/ {"timestamp":"2023-12-31T09:41:47.194Z"}
info: Connected to the database. {"timestamp":"2023-12-31T09:41:50.652Z"}
info: Server started at http://localhost:3001/api/v1/ {"timestamp":"2023-12-31T09:41:57.496Z"}
info: Server started at http://localhost:3001/api/v1/ {"timestamp":"2023-12-31T09:42:02.004Z"}
info: Server started at http://localhost:3001/api/v1/ {"timestamp":"2023-12-31T09:42:04.111Z"}
info: Connected to the database. {"timestamp":"2023-12-31T09:42:07.129Z"}
error: 
    status - 500 
    message - undefined 
    url - /api/v1/users/upload 
    method - POST 
    IP - ::1
   {"timestamp":"2023-12-31T09:42:11.416Z"}
info: Server started at http://localhost:3001/api/v1/ {"timestamp":"2023-12-31T09:43:25.455Z"}
info: Connected to the database. {"timestamp":"2023-12-31T09:43:28.501Z"}
info: Server started at http://localhost:3001/api/v1/ {"timestamp":"2023-12-31T09:43:32.443Z"}
info: Connected to the database. {"timestamp":"2023-12-31T09:43:35.303Z"}
info: Server started at http://localhost:3001/api/v1/ {"timestamp":"2023-12-31T09:43:40.240Z"}
info: Connected to the database. {"timestamp":"2023-12-31T09:43:43.525Z"}
info: Server started at http://localhost:3001/api/v1/ {"timestamp":"2023-12-31T09:44:00.734Z"}
info: Server started at http://localhost:3001/api/v1/ {"timestamp":"2023-12-31T09:44:11.478Z"}
info: Connected to the database. {"timestamp":"2023-12-31T09:44:14.392Z"}
error: 
    status - 500 
    message - undefined 
    url - /api/v1/users/upload 
    method - POST 
    IP - ::1
   {"timestamp":"2023-12-31T09:44:17.348Z"}
info: Server started at http://localhost:3001/api/v1/ {"timestamp":"2023-12-31T09:44:38.010Z"}
info: Connected to the database. {"timestamp":"2023-12-31T09:44:41.749Z"}
info: Server started at http://localhost:3001/api/v1/ {"timestamp":"2023-12-31T09:46:13.801Z"}
info: Server started at http://localhost:3001/api/v1/ {"timestamp":"2023-12-31T09:46:20.010Z"}
info: Server started at http://localhost:3001/api/v1/ {"timestamp":"2023-12-31T09:46:23.844Z"}
info: Server started at http://localhost:3001/api/v1/ {"timestamp":"2023-12-31T09:46:28.223Z"}
info: Connected to the database. {"timestamp":"2023-12-31T09:46:31.239Z"}
error: 
    status - 500 
    message - undefined 
    url - /api/v1/users/upload 
    method - POST 
    IP - ::1
   {"timestamp":"2023-12-31T09:46:42.320Z"}
info: Server started at http://localhost:3001/api/v1/ {"timestamp":"2023-12-31T09:48:50.983Z"}
info: Server started at http://localhost:3001/api/v1/ {"timestamp":"2023-12-31T09:48:56.744Z"}
info: Server started at http://localhost:3001/api/v1/ {"timestamp":"2023-12-31T09:48:59.323Z"}
info: Server started at http://localhost:3001/api/v1/ {"timestamp":"2023-12-31T09:49:03.768Z"}
info: Connected to the database. {"timestamp":"2023-12-31T09:49:06.854Z"}
info: Server started at http://localhost:3001/api/v1/ {"timestamp":"2023-12-31T09:50:32.973Z"}
info: Connected to the database. {"timestamp":"2023-12-31T09:50:37.253Z"}
info: Server started at http://localhost:3001/api/v1/ {"timestamp":"2023-12-31T09:51:20.869Z"}
info: Connected to the database. {"timestamp":"2023-12-31T09:51:24.041Z"}
info: Server started at http://localhost:3001/api/v1/ {"timestamp":"2023-12-31T09:51:26.627Z"}
info: Connected to the database. {"timestamp":"2023-12-31T09:51:29.693Z"}
info: Server started at http://localhost:3001/api/v1/ {"timestamp":"2023-12-31T09:51:40.393Z"}
info: Connected to the database. {"timestamp":"2023-12-31T09:51:44.235Z"}
info: Server started at http://localhost:3001/api/v1/ {"timestamp":"2023-12-31T09:51:53.983Z"}
info: Connected to the database. {"timestamp":"2023-12-31T09:51:57.441Z"}
info: Server started at http://localhost:3001/api/v1/ {"timestamp":"2023-12-31T09:52:00.563Z"}
info: Connected to the database. {"timestamp":"2023-12-31T09:52:03.520Z"}
error: 
    status - 500 
    message - ValidationError: "image" is required 
    url - /api/v1/users/new 
    method - POST 
    IP - ::1
   {"timestamp":"2023-12-31T09:52:17.969Z"}
info: Server started at http://localhost:3001/api/v1/ {"timestamp":"2023-12-31T09:54:06.957Z"}
info: Server started at http://localhost:3001/api/v1/ {"timestamp":"2023-12-31T09:54:10.149Z"}
info: Server started at http://localhost:3001/api/v1/ {"timestamp":"2023-12-31T09:54:12.875Z"}
info: Connected to the database. {"timestamp":"2023-12-31T09:54:16.262Z"}
info: Server started at http://localhost:3001/api/v1/ {"timestamp":"2023-12-31T09:57:00.724Z"}
info: Server started at http://localhost:3001/api/v1/ {"timestamp":"2023-12-31T09:57:03.972Z"}
info: Connected to the database. {"timestamp":"2023-12-31T09:57:06.678Z"}
info: Server started at http://localhost:3001/api/v1/ {"timestamp":"2023-12-31T09:57:11.335Z"}
info: Server started at http://localhost:3001/api/v1/ {"timestamp":"2023-12-31T09:57:14.267Z"}
info: Server started at http://localhost:3001/api/v1/ {"timestamp":"2023-12-31T09:57:18.871Z"}
info: Connected to the database. {"timestamp":"2023-12-31T09:57:21.484Z"}
info: Server started at http://localhost:3001/api/v1/ {"timestamp":"2023-12-31T09:57:26.878Z"}
info: Server started at http://localhost:3001/api/v1/ {"timestamp":"2023-12-31T09:57:29.626Z"}
info: Server started at http://localhost:3001/api/v1/ {"timestamp":"2023-12-31T09:57:35.227Z"}
info: Server started at http://localhost:3001/api/v1/ {"timestamp":"2023-12-31T09:57:37.857Z"}
info: Server started at http://localhost:3001/api/v1/ {"timestamp":"2023-12-31T09:57:46.804Z"}
info: Server started at http://localhost:3001/api/v1/ {"timestamp":"2023-12-31T09:57:49.701Z"}
info: Connected to the database. {"timestamp":"2023-12-31T09:57:52.327Z"}
info: Server started at http://localhost:3001/api/v1/ {"timestamp":"2023-12-31T09:57:57.935Z"}
info: Connected to the database. {"timestamp":"2023-12-31T09:58:00.581Z"}
info: Server started at http://localhost:3001/api/v1/ {"timestamp":"2023-12-31T09:58:04.554Z"}
info: Connected to the database. {"timestamp":"2023-12-31T09:58:07.206Z"}
error: 
    status - 500 
    message - ValidationError: "image" is required 
    url - /api/v1/users/new 
    method - POST 
    IP - ::1
   {"timestamp":"2023-12-31T09:58:12.447Z"}
info: Server started at http://localhost:3001/api/v1/ {"timestamp":"2023-12-31T09:58:56.156Z"}
info: Connected to the database. {"timestamp":"2023-12-31T09:58:58.740Z"}
info: Server started at http://localhost:3001/api/v1/ {"timestamp":"2023-12-31T09:59:15.275Z"}
info: Connected to the database. {"timestamp":"2023-12-31T09:59:17.803Z"}
error: 
    status - 500 
    message - ValidationError: "image" is required 
    url - /api/v1/users/new 
    method - POST 
    IP - ::1
   {"timestamp":"2023-12-31T09:59:34.818Z"}
error: 
    status - 500 
    message - ValidationError: "image" is required 
    url - /api/v1/users/new 
    method - POST 
    IP - ::1
   {"timestamp":"2023-12-31T09:59:56.992Z"}
info: Server started at http://localhost:3001/api/v1/ {"timestamp":"2023-12-31T10:00:35.225Z"}
info: Connected to the database. {"timestamp":"2023-12-31T10:00:38.022Z"}
info: Server started at http://localhost:3001/api/v1/ {"timestamp":"2023-12-31T10:10:02.147Z"}
info: Connected to the database. {"timestamp":"2023-12-31T10:10:04.922Z"}
info: Server started at http://localhost:3001/api/v1/ {"timestamp":"2023-12-31T10:29:41.869Z"}
info: Connected to the database. {"timestamp":"2023-12-31T10:29:44.862Z"}
info: Server started at http://localhost:3001/api/v1/ {"timestamp":"2023-12-31T10:30:05.299Z"}
info: Connected to the database. {"timestamp":"2023-12-31T10:30:07.954Z"}
info: Server started at http://localhost:3001/api/v1/ {"timestamp":"2023-12-31T10:30:10.791Z"}
info: Connected to the database. {"timestamp":"2023-12-31T10:30:13.420Z"}
info: Server started at http://localhost:3001/api/v1/ {"timestamp":"2023-12-31T10:57:40.374Z"}
info: Connected to the database. {"timestamp":"2023-12-31T10:57:43.094Z"}
info: Server started at http://localhost:3001/api/v1/ {"timestamp":"2023-12-31T14:10:46.900Z"}
info: Connected to the database. {"timestamp":"2023-12-31T14:10:50.099Z"}
